{"C:\\Users\\jonat\\Documents\\code\\sezzle\\calculator-frontend\\src\\App.tsx": {"path":"C:\\Users\\jonat\\Documents\\code\\sezzle\\calculator-frontend\\src\\App.tsx","statementMap":{"0":{"start":{"line":5,"column":2},"end":{"line":10,"column":null}}},"fnMap":{"0":{"name":"App","decl":{"start":{"line":4,"column":9},"end":{"line":4,"column":15}},"loc":{"start":{"line":4,"column":15},"end":{"line":12,"column":null}},"line":4}},"branchMap":{},"s":{"0":1},"f":{"0":1},"b":{},"meta":{"lastBranch":0,"lastFunction":1,"lastStatement":1,"seen":{"f:4:9:4:15":0,"s:5:2:10:Infinity":0}}}
,"C:\\Users\\jonat\\Documents\\code\\sezzle\\calculator-frontend\\src\\components\\Calculator\\Button.tsx": {"path":"C:\\Users\\jonat\\Documents\\code\\sezzle\\calculator-frontend\\src\\components\\Calculator\\Button.tsx","statementMap":{"0":{"start":{"line":11,"column":48},"end":{"line":17,"column":null}},"1":{"start":{"line":27,"column":4},"end":{"line":27,"column":null}},"2":{"start":{"line":28,"column":20},"end":{"line":28,"column":null}},"3":{"start":{"line":29,"column":16},"end":{"line":29,"column":null}},"4":{"start":{"line":30,"column":2},"end":{"line":39,"column":null}}},"fnMap":{"0":{"name":"Button","decl":{"start":{"line":19,"column":16},"end":{"line":19,"column":23}},"loc":{"start":{"line":25,"column":16},"end":{"line":41,"column":null}},"line":25}},"branchMap":{"0":{"loc":{"start":{"line":24,"column":2},"end":{"line":24,"column":null}},"type":"default-arg","locations":[{"start":{"line":24,"column":14},"end":{"line":24,"column":null}}],"line":24},"1":{"loc":{"start":{"line":29,"column":16},"end":{"line":29,"column":null}},"type":"cond-expr","locations":[{"start":{"line":29,"column":29},"end":{"line":29,"column":46}},{"start":{"line":29,"column":46},"end":{"line":29,"column":null}}],"line":29}},"s":{"0":3,"1":329,"2":329,"3":329,"4":329},"f":{"0":329},"b":{"0":[329],"1":[16,313]},"meta":{"lastBranch":2,"lastFunction":1,"lastStatement":5,"seen":{"s:11:48:17:Infinity":0,"f:19:16:19:23":0,"b:24:14:24:Infinity":0,"s:27:4:27:Infinity":1,"s:28:20:28:Infinity":2,"s:29:16:29:Infinity":3,"b:29:29:29:46:29:46:29:Infinity":1,"s:30:2:39:Infinity":4}}}
,"C:\\Users\\jonat\\Documents\\code\\sezzle\\calculator-frontend\\src\\components\\Calculator\\Calculator.tsx": {"path":"C:\\Users\\jonat\\Documents\\code\\sezzle\\calculator-frontend\\src\\components\\Calculator\\Calculator.tsx","statementMap":{"0":{"start":{"line":8,"column":30},"end":{"line":8,"column":null}},"1":{"start":{"line":11,"column":55},"end":{"line":11,"column":null}},"2":{"start":{"line":12,"column":8},"end":{"line":12,"column":null}},"3":{"start":{"line":14,"column":2},"end":{"line":22,"column":null}},"4":{"start":{"line":15,"column":4},"end":{"line":15,"column":null}},"5":{"start":{"line":15,"column":22},"end":{"line":15,"column":null}},"6":{"start":{"line":16,"column":4},"end":{"line":18,"column":null}},"7":{"start":{"line":17,"column":6},"end":{"line":17,"column":null}},"8":{"start":{"line":19,"column":4},"end":{"line":21,"column":null}},"9":{"start":{"line":20,"column":6},"end":{"line":20,"column":null}},"10":{"start":{"line":20,"column":30},"end":{"line":20,"column":null}},"11":{"start":{"line":24,"column":8},"end":{"line":26,"column":null}},"12":{"start":{"line":25,"column":4},"end":{"line":25,"column":null}},"13":{"start":{"line":28,"column":8},"end":{"line":36,"column":null}},"14":{"start":{"line":29,"column":4},"end":{"line":35,"column":null}},"15":{"start":{"line":30,"column":6},"end":{"line":32,"column":null}},"16":{"start":{"line":31,"column":8},"end":{"line":31,"column":null}},"17":{"start":{"line":34,"column":6},"end":{"line":34,"column":null}},"18":{"start":{"line":38,"column":8},"end":{"line":42,"column":null}},"19":{"start":{"line":39,"column":4},"end":{"line":41,"column":null}},"20":{"start":{"line":40,"column":6},"end":{"line":40,"column":null}},"21":{"start":{"line":44,"column":8},"end":{"line":85,"column":null}},"22":{"start":{"line":46,"column":6},"end":{"line":50,"column":null}},"23":{"start":{"line":47,"column":8},"end":{"line":47,"column":null}},"24":{"start":{"line":48,"column":8},"end":{"line":48,"column":null}},"25":{"start":{"line":49,"column":8},"end":{"line":49,"column":null}},"26":{"start":{"line":51,"column":6},"end":{"line":82,"column":null}},"27":{"start":{"line":53,"column":10},"end":{"line":53,"column":null}},"28":{"start":{"line":54,"column":10},"end":{"line":54,"column":null}},"29":{"start":{"line":55,"column":10},"end":{"line":55,"column":null}},"30":{"start":{"line":57,"column":10},"end":{"line":57,"column":null}},"31":{"start":{"line":58,"column":10},"end":{"line":58,"column":null}},"32":{"start":{"line":59,"column":10},"end":{"line":59,"column":null}},"33":{"start":{"line":61,"column":10},"end":{"line":61,"column":null}},"34":{"start":{"line":62,"column":10},"end":{"line":62,"column":null}},"35":{"start":{"line":63,"column":10},"end":{"line":63,"column":null}},"36":{"start":{"line":65,"column":10},"end":{"line":65,"column":null}},"37":{"start":{"line":66,"column":10},"end":{"line":66,"column":null}},"38":{"start":{"line":67,"column":10},"end":{"line":67,"column":null}},"39":{"start":{"line":69,"column":10},"end":{"line":69,"column":null}},"40":{"start":{"line":70,"column":10},"end":{"line":70,"column":null}},"41":{"start":{"line":71,"column":10},"end":{"line":71,"column":null}},"42":{"start":{"line":73,"column":10},"end":{"line":73,"column":null}},"43":{"start":{"line":74,"column":10},"end":{"line":74,"column":null}},"44":{"start":{"line":75,"column":10},"end":{"line":75,"column":null}},"45":{"start":{"line":77,"column":10},"end":{"line":77,"column":null}},"46":{"start":{"line":78,"column":10},"end":{"line":78,"column":null}},"47":{"start":{"line":79,"column":10},"end":{"line":79,"column":null}},"48":{"start":{"line":81,"column":10},"end":{"line":81,"column":null}},"49":{"start":{"line":87,"column":2},"end":{"line":90,"column":null}},"50":{"start":{"line":88,"column":4},"end":{"line":88,"column":null}},"51":{"start":{"line":89,"column":4},"end":{"line":89,"column":null}},"52":{"start":{"line":89,"column":17},"end":{"line":89,"column":null}},"53":{"start":{"line":93,"column":4},"end":{"line":95,"column":null}},"54":{"start":{"line":97,"column":2},"end":{"line":123,"column":null}},"55":{"start":{"line":115,"column":25},"end":{"line":115,"column":null}},"56":{"start":{"line":116,"column":23},"end":{"line":116,"column":null}},"57":{"start":{"line":117,"column":28},"end":{"line":117,"column":null}},"58":{"start":{"line":118,"column":28},"end":{"line":118,"column":null}}},"fnMap":{"0":{"name":"Calculator","decl":{"start":{"line":10,"column":16},"end":{"line":10,"column":29}},"loc":{"start":{"line":10,"column":29},"end":{"line":125,"column":null}},"line":10},"1":{"name":"(anonymous_1)","decl":{"start":{"line":14,"column":12},"end":{"line":14,"column":18}},"loc":{"start":{"line":14,"column":18},"end":{"line":22,"column":5}},"line":14},"2":{"name":"(anonymous_2)","decl":{"start":{"line":16,"column":36},"end":{"line":16,"column":42}},"loc":{"start":{"line":16,"column":42},"end":{"line":18,"column":7}},"line":16},"3":{"name":"(anonymous_3)","decl":{"start":{"line":19,"column":11},"end":{"line":19,"column":17}},"loc":{"start":{"line":19,"column":17},"end":{"line":21,"column":null}},"line":19},"4":{"name":"(anonymous_4)","decl":{"start":{"line":24,"column":34},"end":{"line":24,"column":35}},"loc":{"start":{"line":24,"column":53},"end":{"line":26,"column":5}},"line":24},"5":{"name":"(anonymous_5)","decl":{"start":{"line":28,"column":37},"end":{"line":28,"column":38}},"loc":{"start":{"line":28,"column":56},"end":{"line":36,"column":5}},"line":28},"6":{"name":"(anonymous_6)","decl":{"start":{"line":30,"column":29},"end":{"line":30,"column":35}},"loc":{"start":{"line":30,"column":35},"end":{"line":32,"column":7}},"line":30},"7":{"name":"(anonymous_7)","decl":{"start":{"line":38,"column":35},"end":{"line":38,"column":41}},"loc":{"start":{"line":38,"column":41},"end":{"line":42,"column":5}},"line":38},"8":{"name":"(anonymous_8)","decl":{"start":{"line":45,"column":4},"end":{"line":45,"column":5}},"loc":{"start":{"line":45,"column":26},"end":{"line":83,"column":null}},"line":45},"9":{"name":"(anonymous_9)","decl":{"start":{"line":87,"column":12},"end":{"line":87,"column":18}},"loc":{"start":{"line":87,"column":18},"end":{"line":90,"column":5}},"line":87},"10":{"name":"(anonymous_10)","decl":{"start":{"line":89,"column":11},"end":{"line":89,"column":17}},"loc":{"start":{"line":89,"column":17},"end":{"line":89,"column":null}},"line":89},"11":{"name":"(anonymous_11)","decl":{"start":{"line":115,"column":19},"end":{"line":115,"column":25}},"loc":{"start":{"line":115,"column":25},"end":{"line":115,"column":null}},"line":115},"12":{"name":"(anonymous_12)","decl":{"start":{"line":116,"column":17},"end":{"line":116,"column":23}},"loc":{"start":{"line":116,"column":23},"end":{"line":116,"column":null}},"line":116},"13":{"name":"(anonymous_13)","decl":{"start":{"line":117,"column":22},"end":{"line":117,"column":28}},"loc":{"start":{"line":117,"column":28},"end":{"line":117,"column":null}},"line":117},"14":{"name":"(anonymous_14)","decl":{"start":{"line":118,"column":22},"end":{"line":118,"column":28}},"loc":{"start":{"line":118,"column":28},"end":{"line":118,"column":null}},"line":118}},"branchMap":{"0":{"loc":{"start":{"line":15,"column":4},"end":{"line":15,"column":null}},"type":"if","locations":[{"start":{"line":15,"column":4},"end":{"line":15,"column":null}},{"start":{},"end":{}}],"line":15},"1":{"loc":{"start":{"line":20,"column":6},"end":{"line":20,"column":null}},"type":"if","locations":[{"start":{"line":20,"column":6},"end":{"line":20,"column":null}},{"start":{},"end":{}}],"line":20},"2":{"loc":{"start":{"line":29,"column":4},"end":{"line":35,"column":null}},"type":"if","locations":[{"start":{"line":29,"column":4},"end":{"line":35,"column":null}},{"start":{"line":33,"column":11},"end":{"line":35,"column":null}}],"line":29},"3":{"loc":{"start":{"line":29,"column":8},"end":{"line":29,"column":85}},"type":"binary-expr","locations":[{"start":{"line":29,"column":8},"end":{"line":29,"column":27}},{"start":{"line":29,"column":27},"end":{"line":29,"column":59}},{"start":{"line":29,"column":59},"end":{"line":29,"column":85}}],"line":29},"4":{"loc":{"start":{"line":39,"column":4},"end":{"line":41,"column":null}},"type":"if","locations":[{"start":{"line":39,"column":4},"end":{"line":41,"column":null}},{"start":{},"end":{}}],"line":39},"5":{"loc":{"start":{"line":46,"column":6},"end":{"line":50,"column":null}},"type":"if","locations":[{"start":{"line":46,"column":6},"end":{"line":50,"column":null}},{"start":{},"end":{}}],"line":46},"6":{"loc":{"start":{"line":46,"column":10},"end":{"line":46,"column":40}},"type":"binary-expr","locations":[{"start":{"line":46,"column":10},"end":{"line":46,"column":26}},{"start":{"line":46,"column":26},"end":{"line":46,"column":40}}],"line":46},"7":{"loc":{"start":{"line":51,"column":6},"end":{"line":82,"column":null}},"type":"switch","locations":[{"start":{"line":52,"column":8},"end":{"line":55,"column":null}},{"start":{"line":56,"column":8},"end":{"line":59,"column":null}},{"start":{"line":60,"column":8},"end":{"line":63,"column":null}},{"start":{"line":64,"column":8},"end":{"line":67,"column":null}},{"start":{"line":68,"column":8},"end":{"line":71,"column":null}},{"start":{"line":72,"column":8},"end":{"line":75,"column":null}},{"start":{"line":76,"column":8},"end":{"line":79,"column":null}},{"start":{"line":80,"column":8},"end":{"line":81,"column":null}}],"line":51},"8":{"loc":{"start":{"line":93,"column":4},"end":{"line":95,"column":null}},"type":"cond-expr","locations":[{"start":{"line":94,"column":8},"end":{"line":94,"column":null}},{"start":{"line":95,"column":8},"end":{"line":95,"column":null}}],"line":93},"9":{"loc":{"start":{"line":93,"column":4},"end":{"line":93,"column":null}},"type":"binary-expr","locations":[{"start":{"line":93,"column":4},"end":{"line":93,"column":23}},{"start":{"line":93,"column":23},"end":{"line":93,"column":null}}],"line":93},"10":{"loc":{"start":{"line":94,"column":34},"end":{"line":94,"column":263}},"type":"cond-expr","locations":[{"start":{"line":94,"column":62},"end":{"line":94,"column":68}},{"start":{"line":94,"column":68},"end":{"line":94,"column":263}}],"line":94},"11":{"loc":{"start":{"line":94,"column":68},"end":{"line":94,"column":263}},"type":"cond-expr","locations":[{"start":{"line":94,"column":101},"end":{"line":94,"column":107}},{"start":{"line":94,"column":107},"end":{"line":94,"column":263}}],"line":94},"12":{"loc":{"start":{"line":94,"column":107},"end":{"line":94,"column":263}},"type":"cond-expr","locations":[{"start":{"line":94,"column":140},"end":{"line":94,"column":146}},{"start":{"line":94,"column":146},"end":{"line":94,"column":263}}],"line":94},"13":{"loc":{"start":{"line":94,"column":146},"end":{"line":94,"column":263}},"type":"cond-expr","locations":[{"start":{"line":94,"column":177},"end":{"line":94,"column":183}},{"start":{"line":94,"column":183},"end":{"line":94,"column":263}}],"line":94},"14":{"loc":{"start":{"line":94,"column":183},"end":{"line":94,"column":263}},"type":"cond-expr","locations":[{"start":{"line":94,"column":213},"end":{"line":94,"column":220}},{"start":{"line":94,"column":220},"end":{"line":94,"column":263}}],"line":94},"15":{"loc":{"start":{"line":94,"column":220},"end":{"line":94,"column":263}},"type":"cond-expr","locations":[{"start":{"line":94,"column":255},"end":{"line":94,"column":261}},{"start":{"line":94,"column":261},"end":{"line":94,"column":263}}],"line":94},"16":{"loc":{"start":{"line":99,"column":92},"end":{"line":99,"column":126}},"type":"cond-expr","locations":[{"start":{"line":99,"column":106},"end":{"line":99,"column":124}},{"start":{"line":99,"column":124},"end":{"line":99,"column":126}}],"line":99},"17":{"loc":{"start":{"line":104,"column":7},"end":{"line":110,"column":null}},"type":"binary-expr","locations":[{"start":{"line":104,"column":7},"end":{"line":104,"column":null}},{"start":{"line":105,"column":8},"end":{"line":110,"column":null}}],"line":104},"18":{"loc":{"start":{"line":112,"column":7},"end":{"line":112,"column":null}},"type":"binary-expr","locations":[{"start":{"line":112,"column":7},"end":{"line":112,"column":26}},{"start":{"line":112,"column":26},"end":{"line":112,"column":null}}],"line":112}},"s":{"0":1,"1":9,"2":9,"3":9,"4":9,"5":8,"6":1,"7":0,"8":1,"9":1,"10":1,"11":9,"12":2,"13":9,"14":0,"15":0,"16":0,"17":0,"18":9,"19":0,"20":0,"21":9,"22":2,"23":1,"24":1,"25":1,"26":1,"27":0,"28":0,"29":0,"30":0,"31":0,"32":0,"33":0,"34":0,"35":0,"36":0,"37":0,"38":0,"39":0,"40":0,"41":0,"42":0,"43":0,"44":0,"45":1,"46":1,"47":1,"48":0,"49":9,"50":8,"51":8,"52":8,"53":9,"54":9,"55":0,"56":1,"57":0,"58":0},"f":{"0":9,"1":9,"2":0,"3":1,"4":2,"5":0,"6":0,"7":0,"8":2,"9":8,"10":8,"11":0,"12":1,"13":0,"14":0},"b":{"0":[8,1],"1":[1,0],"2":[0,0],"3":[0,0,0],"4":[0,0],"5":[1,1],"6":[2,2],"7":[0,0,0,0,0,0,1,0],"8":[0,9],"9":[9,0],"10":[0,0],"11":[0,0],"12":[0,0],"13":[0,0],"14":[0,0],"15":[0,0],"16":[1,8],"17":[9,1],"18":[9,1]},"meta":{"lastBranch":19,"lastFunction":15,"lastStatement":59,"seen":{"s:8:30:8:Infinity":0,"f:10:16:10:29":0,"s:11:55:11:Infinity":1,"s:12:8:12:Infinity":2,"s:14:2:22:Infinity":3,"f:14:12:14:18":1,"b:15:4:15:Infinity:undefined:undefined:undefined:undefined":0,"s:15:4:15:Infinity":4,"s:15:22:15:Infinity":5,"s:16:4:18:Infinity":6,"f:16:36:16:42":2,"s:17:6:17:Infinity":7,"s:19:4:21:Infinity":8,"f:19:11:19:17":3,"b:20:6:20:Infinity:undefined:undefined:undefined:undefined":1,"s:20:6:20:Infinity":9,"s:20:30:20:Infinity":10,"s:24:8:26:Infinity":11,"f:24:34:24:35":4,"s:25:4:25:Infinity":12,"s:28:8:36:Infinity":13,"f:28:37:28:38":5,"b:29:4:35:Infinity:33:11:35:Infinity":2,"s:29:4:35:Infinity":14,"b:29:8:29:27:29:27:29:59:29:59:29:85":3,"s:30:6:32:Infinity":15,"f:30:29:30:35":6,"s:31:8:31:Infinity":16,"s:34:6:34:Infinity":17,"s:38:8:42:Infinity":18,"f:38:35:38:41":7,"b:39:4:41:Infinity:undefined:undefined:undefined:undefined":4,"s:39:4:41:Infinity":19,"s:40:6:40:Infinity":20,"s:44:8:85:Infinity":21,"f:45:4:45:5":8,"b:46:6:50:Infinity:undefined:undefined:undefined:undefined":5,"s:46:6:50:Infinity":22,"b:46:10:46:26:46:26:46:40":6,"s:47:8:47:Infinity":23,"s:48:8:48:Infinity":24,"s:49:8:49:Infinity":25,"b:52:8:55:Infinity:56:8:59:Infinity:60:8:63:Infinity:64:8:67:Infinity:68:8:71:Infinity:72:8:75:Infinity:76:8:79:Infinity:80:8:81:Infinity":7,"s:51:6:82:Infinity":26,"s:53:10:53:Infinity":27,"s:54:10:54:Infinity":28,"s:55:10:55:Infinity":29,"s:57:10:57:Infinity":30,"s:58:10:58:Infinity":31,"s:59:10:59:Infinity":32,"s:61:10:61:Infinity":33,"s:62:10:62:Infinity":34,"s:63:10:63:Infinity":35,"s:65:10:65:Infinity":36,"s:66:10:66:Infinity":37,"s:67:10:67:Infinity":38,"s:69:10:69:Infinity":39,"s:70:10:70:Infinity":40,"s:71:10:71:Infinity":41,"s:73:10:73:Infinity":42,"s:74:10:74:Infinity":43,"s:75:10:75:Infinity":44,"s:77:10:77:Infinity":45,"s:78:10:78:Infinity":46,"s:79:10:79:Infinity":47,"s:81:10:81:Infinity":48,"s:87:2:90:Infinity":49,"f:87:12:87:18":9,"s:88:4:88:Infinity":50,"s:89:4:89:Infinity":51,"f:89:11:89:17":10,"s:89:17:89:Infinity":52,"s:93:4:95:Infinity":53,"b:94:8:94:Infinity:95:8:95:Infinity":8,"b:93:4:93:23:93:23:93:Infinity":9,"b:94:62:94:68:94:68:94:263":10,"b:94:101:94:107:94:107:94:263":11,"b:94:140:94:146:94:146:94:263":12,"b:94:177:94:183:94:183:94:263":13,"b:94:213:94:220:94:220:94:263":14,"b:94:255:94:261:94:261:94:263":15,"s:97:2:123:Infinity":54,"b:99:106:99:124:99:124:99:126":16,"b:104:7:104:Infinity:105:8:110:Infinity":17,"b:112:7:112:26:112:26:112:Infinity":18,"f:115:19:115:25":11,"s:115:25:115:Infinity":55,"f:116:17:116:23":12,"s:116:23:116:Infinity":56,"f:117:22:117:28":13,"s:117:28:117:Infinity":57,"f:118:22:118:28":14,"s:118:28:118:Infinity":58}}}
,"C:\\Users\\jonat\\Documents\\code\\sezzle\\calculator-frontend\\src\\components\\Calculator\\Display.tsx": {"path":"C:\\Users\\jonat\\Documents\\code\\sezzle\\calculator-frontend\\src\\components\\Calculator\\Display.tsx","statementMap":{"0":{"start":{"line":9,"column":8},"end":{"line":9,"column":null}},"1":{"start":{"line":10,"column":2},"end":{"line":24,"column":null}}},"fnMap":{"0":{"name":"Display","decl":{"start":{"line":8,"column":16},"end":{"line":8,"column":24}},"loc":{"start":{"line":8,"column":59},"end":{"line":26,"column":null}},"line":8}},"branchMap":{"0":{"loc":{"start":{"line":16,"column":7},"end":{"line":19,"column":null}},"type":"binary-expr","locations":[{"start":{"line":16,"column":7},"end":{"line":16,"column":null}},{"start":{"line":17,"column":8},"end":{"line":19,"column":null}}],"line":16}},"s":{"0":12,"1":12},"f":{"0":12},"b":{"0":[12,1]},"meta":{"lastBranch":1,"lastFunction":1,"lastStatement":2,"seen":{"f:8:16:8:24":0,"s:9:8:9:Infinity":0,"s:10:2:24:Infinity":1,"b:16:7:16:Infinity:17:8:19:Infinity":0}}}
,"C:\\Users\\jonat\\Documents\\code\\sezzle\\calculator-frontend\\src\\components\\Calculator\\Keypad.tsx": {"path":"C:\\Users\\jonat\\Documents\\code\\sezzle\\calculator-frontend\\src\\components\\Calculator\\Keypad.tsx","statementMap":{"0":{"start":{"line":25,"column":2},"end":{"line":61,"column":null}},"1":{"start":{"line":30,"column":60},"end":{"line":30,"column":82}},"2":{"start":{"line":36,"column":55},"end":{"line":36,"column":78}},"3":{"start":{"line":38,"column":53},"end":{"line":38,"column":67}},"4":{"start":{"line":39,"column":53},"end":{"line":39,"column":67}},"5":{"start":{"line":40,"column":53},"end":{"line":40,"column":67}},"6":{"start":{"line":41,"column":55},"end":{"line":41,"column":80}},"7":{"start":{"line":43,"column":53},"end":{"line":43,"column":67}},"8":{"start":{"line":44,"column":53},"end":{"line":44,"column":67}},"9":{"start":{"line":45,"column":53},"end":{"line":45,"column":67}},"10":{"start":{"line":46,"column":55},"end":{"line":46,"column":80}},"11":{"start":{"line":48,"column":53},"end":{"line":48,"column":67}},"12":{"start":{"line":49,"column":53},"end":{"line":49,"column":67}},"13":{"start":{"line":50,"column":53},"end":{"line":50,"column":67}},"14":{"start":{"line":51,"column":55},"end":{"line":51,"column":75}},"15":{"start":{"line":57,"column":23},"end":{"line":57,"column":null}}},"fnMap":{"0":{"name":"Keypad","decl":{"start":{"line":15,"column":16},"end":{"line":15,"column":23}},"loc":{"start":{"line":24,"column":16},"end":{"line":63,"column":null}},"line":24},"1":{"name":"(anonymous_1)","decl":{"start":{"line":30,"column":54},"end":{"line":30,"column":60}},"loc":{"start":{"line":30,"column":60},"end":{"line":30,"column":82}},"line":30},"2":{"name":"(anonymous_2)","decl":{"start":{"line":36,"column":49},"end":{"line":36,"column":55}},"loc":{"start":{"line":36,"column":55},"end":{"line":36,"column":78}},"line":36},"3":{"name":"(anonymous_3)","decl":{"start":{"line":38,"column":47},"end":{"line":38,"column":53}},"loc":{"start":{"line":38,"column":53},"end":{"line":38,"column":67}},"line":38},"4":{"name":"(anonymous_4)","decl":{"start":{"line":39,"column":47},"end":{"line":39,"column":53}},"loc":{"start":{"line":39,"column":53},"end":{"line":39,"column":67}},"line":39},"5":{"name":"(anonymous_5)","decl":{"start":{"line":40,"column":47},"end":{"line":40,"column":53}},"loc":{"start":{"line":40,"column":53},"end":{"line":40,"column":67}},"line":40},"6":{"name":"(anonymous_6)","decl":{"start":{"line":41,"column":49},"end":{"line":41,"column":55}},"loc":{"start":{"line":41,"column":55},"end":{"line":41,"column":80}},"line":41},"7":{"name":"(anonymous_7)","decl":{"start":{"line":43,"column":47},"end":{"line":43,"column":53}},"loc":{"start":{"line":43,"column":53},"end":{"line":43,"column":67}},"line":43},"8":{"name":"(anonymous_8)","decl":{"start":{"line":44,"column":47},"end":{"line":44,"column":53}},"loc":{"start":{"line":44,"column":53},"end":{"line":44,"column":67}},"line":44},"9":{"name":"(anonymous_9)","decl":{"start":{"line":45,"column":47},"end":{"line":45,"column":53}},"loc":{"start":{"line":45,"column":53},"end":{"line":45,"column":67}},"line":45},"10":{"name":"(anonymous_10)","decl":{"start":{"line":46,"column":49},"end":{"line":46,"column":55}},"loc":{"start":{"line":46,"column":55},"end":{"line":46,"column":80}},"line":46},"11":{"name":"(anonymous_11)","decl":{"start":{"line":48,"column":47},"end":{"line":48,"column":53}},"loc":{"start":{"line":48,"column":53},"end":{"line":48,"column":67}},"line":48},"12":{"name":"(anonymous_12)","decl":{"start":{"line":49,"column":47},"end":{"line":49,"column":53}},"loc":{"start":{"line":49,"column":53},"end":{"line":49,"column":67}},"line":49},"13":{"name":"(anonymous_13)","decl":{"start":{"line":50,"column":47},"end":{"line":50,"column":53}},"loc":{"start":{"line":50,"column":53},"end":{"line":50,"column":67}},"line":50},"14":{"name":"(anonymous_14)","decl":{"start":{"line":51,"column":49},"end":{"line":51,"column":55}},"loc":{"start":{"line":51,"column":55},"end":{"line":51,"column":75}},"line":51},"15":{"name":"(anonymous_15)","decl":{"start":{"line":57,"column":17},"end":{"line":57,"column":23}},"loc":{"start":{"line":57,"column":23},"end":{"line":57,"column":null}},"line":57}},"branchMap":{"0":{"loc":{"start":{"line":27,"column":7},"end":{"line":31,"column":null}},"type":"binary-expr","locations":[{"start":{"line":27,"column":7},"end":{"line":27,"column":null}},{"start":{"line":28,"column":8},"end":{"line":31,"column":null}}],"line":27}},"s":{"0":16,"1":1,"2":1,"3":1,"4":0,"5":0,"6":1,"7":0,"8":1,"9":0,"10":1,"11":0,"12":0,"13":0,"14":2,"15":0},"f":{"0":16,"1":1,"2":1,"3":1,"4":0,"5":0,"6":1,"7":0,"8":1,"9":0,"10":1,"11":0,"12":0,"13":0,"14":2,"15":0},"b":{"0":[16,11]},"meta":{"lastBranch":1,"lastFunction":16,"lastStatement":16,"seen":{"f:15:16:15:23":0,"s:25:2:61:Infinity":0,"b:27:7:27:Infinity:28:8:31:Infinity":0,"f:30:54:30:60":1,"s:30:60:30:82":1,"f:36:49:36:55":2,"s:36:55:36:78":2,"f:38:47:38:53":3,"s:38:53:38:67":3,"f:39:47:39:53":4,"s:39:53:39:67":4,"f:40:47:40:53":5,"s:40:53:40:67":5,"f:41:49:41:55":6,"s:41:55:41:80":6,"f:43:47:43:53":7,"s:43:53:43:67":7,"f:44:47:44:53":8,"s:44:53:44:67":8,"f:45:47:45:53":9,"s:45:53:45:67":9,"f:46:49:46:55":10,"s:46:55:46:80":10,"f:48:47:48:53":11,"s:48:53:48:67":11,"f:49:47:49:53":12,"s:49:53:49:67":12,"f:50:47:50:53":13,"s:50:53:50:67":13,"f:51:49:51:55":14,"s:51:55:51:75":14,"f:57:17:57:23":15,"s:57:23:57:Infinity":15}}}
,"C:\\Users\\jonat\\Documents\\code\\sezzle\\calculator-frontend\\src\\components\\ErrorBoundary\\ErrorBoundary.tsx": {"path":"C:\\Users\\jonat\\Documents\\code\\sezzle\\calculator-frontend\\src\\components\\ErrorBoundary\\ErrorBoundary.tsx","statementMap":{"0":{"start":{"line":14,"column":17},"end":{"line":14,"column":null}},"1":{"start":{"line":24,"column":16},"end":{"line":26,"column":null}},"2":{"start":{"line":17,"column":4},"end":{"line":17,"column":null}},"3":{"start":{"line":21,"column":4},"end":{"line":21,"column":null}},"4":{"start":{"line":25,"column":4},"end":{"line":25,"column":null}},"5":{"start":{"line":29,"column":4},"end":{"line":52,"column":null}},"6":{"start":{"line":30,"column":6},"end":{"line":32,"column":null}},"7":{"start":{"line":31,"column":8},"end":{"line":31,"column":null}},"8":{"start":{"line":33,"column":6},"end":{"line":50,"column":null}},"9":{"start":{"line":53,"column":4},"end":{"line":53,"column":null}}},"fnMap":{"0":{"name":"(anonymous_0)","decl":{"start":{"line":16,"column":9},"end":{"line":16,"column":34}},"loc":{"start":{"line":16,"column":55},"end":{"line":18,"column":null}},"line":16},"1":{"name":"(anonymous_1)","decl":{"start":{"line":20,"column":2},"end":{"line":20,"column":20}},"loc":{"start":{"line":20,"column":56},"end":{"line":22,"column":null}},"line":20},"2":{"name":"(anonymous_2)","decl":{"start":{"line":24,"column":16},"end":{"line":24,"column":22}},"loc":{"start":{"line":24,"column":22},"end":{"line":26,"column":null}},"line":24},"3":{"name":"(anonymous_3)","decl":{"start":{"line":28,"column":2},"end":{"line":28,"column":11}},"loc":{"start":{"line":28,"column":11},"end":{"line":54,"column":null}},"line":28}},"branchMap":{"0":{"loc":{"start":{"line":29,"column":4},"end":{"line":52,"column":null}},"type":"if","locations":[{"start":{"line":29,"column":4},"end":{"line":52,"column":null}},{"start":{},"end":{}}],"line":29},"1":{"loc":{"start":{"line":30,"column":6},"end":{"line":32,"column":null}},"type":"if","locations":[{"start":{"line":30,"column":6},"end":{"line":32,"column":null}},{"start":{},"end":{}}],"line":30},"2":{"loc":{"start":{"line":40,"column":15},"end":{"line":40,"column":null}},"type":"binary-expr","locations":[{"start":{"line":40,"column":15},"end":{"line":40,"column":44}},{"start":{"line":40,"column":44},"end":{"line":40,"column":null}}],"line":40}},"s":{"0":8,"1":0,"2":6,"3":3,"4":0,"5":14,"6":6,"7":2,"8":4,"9":8},"f":{"0":8,"1":3,"2":0,"3":14},"b":{"0":[6,8],"1":[2,4],"2":[4,0]},"meta":{"lastBranch":3,"lastFunction":4,"lastStatement":10,"seen":{"s:14:17:14:Infinity":0,"s:24:16:26:Infinity":1,"f:16:9:16:34":0,"s:17:4:17:Infinity":2,"f:20:2:20:20":1,"s:21:4:21:Infinity":3,"f:24:16:24:22":2,"s:25:4:25:Infinity":4,"f:28:2:28:11":3,"b:29:4:52:Infinity:undefined:undefined:undefined:undefined":0,"s:29:4:52:Infinity":5,"b:30:6:32:Infinity:undefined:undefined:undefined:undefined":1,"s:30:6:32:Infinity":6,"s:31:8:31:Infinity":7,"s:33:6:50:Infinity":8,"b:40:15:40:44:40:44:40:Infinity":2,"s:53:4:53:Infinity":9}}}
,"C:\\Users\\jonat\\Documents\\code\\sezzle\\calculator-frontend\\src\\components\\Loading\\Spinner.tsx": {"path":"C:\\Users\\jonat\\Documents\\code\\sezzle\\calculator-frontend\\src\\components\\Loading\\Spinner.tsx","statementMap":{"0":{"start":{"line":2,"column":2},"end":{"line":11,"column":null}}},"fnMap":{"0":{"name":"Spinner","decl":{"start":{"line":1,"column":16},"end":{"line":1,"column":26}},"loc":{"start":{"line":1,"column":26},"end":{"line":13,"column":null}},"line":1}},"branchMap":{},"s":{"0":2},"f":{"0":2},"b":{},"meta":{"lastBranch":0,"lastFunction":1,"lastStatement":1,"seen":{"f:1:16:1:26":0,"s:2:2:11:Infinity":0}}}
,"C:\\Users\\jonat\\Documents\\code\\sezzle\\calculator-frontend\\src\\hooks\\useApi.ts": {"path":"C:\\Users\\jonat\\Documents\\code\\sezzle\\calculator-frontend\\src\\hooks\\useApi.ts","statementMap":{"0":{"start":{"line":7,"column":8},"end":{"line":53,"column":null}},"1":{"start":{"line":12,"column":6},"end":{"line":50,"column":null}},"2":{"start":{"line":13,"column":8},"end":{"line":17,"column":null}},"3":{"start":{"line":14,"column":26},"end":{"line":14,"column":null}},"4":{"start":{"line":15,"column":27},"end":{"line":15,"column":null}},"5":{"start":{"line":16,"column":10},"end":{"line":16,"column":null}},"6":{"start":{"line":18,"column":25},"end":{"line":18,"column":null}},"7":{"start":{"line":19,"column":25},"end":{"line":19,"column":null}},"8":{"start":{"line":20,"column":8},"end":{"line":47,"column":null}},"9":{"start":{"line":22,"column":29},"end":{"line":22,"column":null}},"10":{"start":{"line":23,"column":12},"end":{"line":23,"column":null}},"11":{"start":{"line":26,"column":29},"end":{"line":26,"column":null}},"12":{"start":{"line":27,"column":12},"end":{"line":27,"column":null}},"13":{"start":{"line":30,"column":29},"end":{"line":30,"column":null}},"14":{"start":{"line":31,"column":12},"end":{"line":31,"column":null}},"15":{"start":{"line":34,"column":29},"end":{"line":34,"column":null}},"16":{"start":{"line":35,"column":12},"end":{"line":35,"column":null}},"17":{"start":{"line":38,"column":29},"end":{"line":38,"column":null}},"18":{"start":{"line":39,"column":12},"end":{"line":39,"column":null}},"19":{"start":{"line":42,"column":29},"end":{"line":42,"column":null}},"20":{"start":{"line":43,"column":12},"end":{"line":43,"column":null}},"21":{"start":{"line":46,"column":12},"end":{"line":46,"column":null}},"22":{"start":{"line":49,"column":8},"end":{"line":49,"column":null}},"23":{"start":{"line":55,"column":2},"end":{"line":55,"column":null}}},"fnMap":{"0":{"name":"useApi","decl":{"start":{"line":6,"column":16},"end":{"line":6,"column":25}},"loc":{"start":{"line":6,"column":25},"end":{"line":56,"column":null}},"line":6},"1":{"name":"(anonymous_1)","decl":{"start":{"line":8,"column":4},"end":{"line":8,"column":null}},"loc":{"start":{"line":11,"column":26},"end":{"line":51,"column":null}},"line":11}},"branchMap":{"0":{"loc":{"start":{"line":13,"column":8},"end":{"line":17,"column":null}},"type":"if","locations":[{"start":{"line":13,"column":8},"end":{"line":17,"column":null}},{"start":{},"end":{}}],"line":13},"1":{"loc":{"start":{"line":14,"column":26},"end":{"line":14,"column":null}},"type":"binary-expr","locations":[{"start":{"line":14,"column":26},"end":{"line":14,"column":46}},{"start":{"line":14,"column":46},"end":{"line":14,"column":null}}],"line":14},"2":{"loc":{"start":{"line":18,"column":25},"end":{"line":18,"column":null}},"type":"binary-expr","locations":[{"start":{"line":18,"column":25},"end":{"line":18,"column":46}},{"start":{"line":18,"column":46},"end":{"line":18,"column":null}}],"line":18},"3":{"loc":{"start":{"line":19,"column":25},"end":{"line":19,"column":null}},"type":"binary-expr","locations":[{"start":{"line":19,"column":25},"end":{"line":19,"column":46}},{"start":{"line":19,"column":46},"end":{"line":19,"column":null}}],"line":19},"4":{"loc":{"start":{"line":20,"column":8},"end":{"line":47,"column":null}},"type":"switch","locations":[{"start":{"line":21,"column":10},"end":{"line":24,"column":null}},{"start":{"line":25,"column":10},"end":{"line":28,"column":null}},{"start":{"line":29,"column":10},"end":{"line":32,"column":null}},{"start":{"line":33,"column":10},"end":{"line":36,"column":null}},{"start":{"line":37,"column":10},"end":{"line":40,"column":null}},{"start":{"line":41,"column":10},"end":{"line":44,"column":null}},{"start":{"line":45,"column":10},"end":{"line":46,"column":null}}],"line":20}},"s":{"0":7,"1":7,"2":7,"3":1,"4":1,"5":1,"6":6,"7":7,"8":7,"9":2,"10":1,"11":0,"12":0,"13":1,"14":1,"15":1,"16":1,"17":1,"18":1,"19":1,"20":1,"21":0,"22":1,"23":7},"f":{"0":7,"1":7},"b":{"0":[1,6],"1":[1,0],"2":[6,0],"3":[7,0],"4":[2,0,1,1,1,1,0]},"meta":{"lastBranch":5,"lastFunction":2,"lastStatement":24,"seen":{"f:6:16:6:25":0,"s:7:8:53:Infinity":0,"f:8:4:8:Infinity":1,"s:12:6:50:Infinity":1,"b:13:8:17:Infinity:undefined:undefined:undefined:undefined":0,"s:13:8:17:Infinity":2,"s:14:26:14:Infinity":3,"b:14:26:14:46:14:46:14:Infinity":1,"s:15:27:15:Infinity":4,"s:16:10:16:Infinity":5,"s:18:25:18:Infinity":6,"b:18:25:18:46:18:46:18:Infinity":2,"s:19:25:19:Infinity":7,"b:19:25:19:46:19:46:19:Infinity":3,"b:21:10:24:Infinity:25:10:28:Infinity:29:10:32:Infinity:33:10:36:Infinity:37:10:40:Infinity:41:10:44:Infinity:45:10:46:Infinity":4,"s:20:8:47:Infinity":8,"s:22:29:22:Infinity":9,"s:23:12:23:Infinity":10,"s:26:29:26:Infinity":11,"s:27:12:27:Infinity":12,"s:30:29:30:Infinity":13,"s:31:12:31:Infinity":14,"s:34:29:34:Infinity":15,"s:35:12:35:Infinity":16,"s:38:29:38:Infinity":17,"s:39:12:39:Infinity":18,"s:42:29:42:Infinity":19,"s:43:12:43:Infinity":20,"s:46:12:46:Infinity":21,"s:49:8:49:Infinity":22,"s:55:2:55:Infinity":23}}}
,"C:\\Users\\jonat\\Documents\\code\\sezzle\\calculator-frontend\\src\\hooks\\useCalculator.ts": {"path":"C:\\Users\\jonat\\Documents\\code\\sezzle\\calculator-frontend\\src\\hooks\\useCalculator.ts","statementMap":{"0":{"start":{"line":9,"column":19},"end":{"line":9,"column":null}},"1":{"start":{"line":25,"column":2},"end":{"line":25,"column":null}},"2":{"start":{"line":29,"column":12},"end":{"line":29,"column":null}},"3":{"start":{"line":30,"column":2},"end":{"line":30,"column":null}},"4":{"start":{"line":33,"column":38},"end":{"line":41,"column":null}},"5":{"start":{"line":47,"column":2},"end":{"line":177,"column":null}},"6":{"start":{"line":49,"column":6},"end":{"line":49,"column":null}},"7":{"start":{"line":52,"column":6},"end":{"line":52,"column":null}},"8":{"start":{"line":55,"column":6},"end":{"line":59,"column":null}},"9":{"start":{"line":61,"column":21},"end":{"line":61,"column":null}},"10":{"start":{"line":63,"column":8},"end":{"line":65,"column":null}},"11":{"start":{"line":66,"column":6},"end":{"line":75,"column":null}},"12":{"start":{"line":78,"column":6},"end":{"line":78,"column":null}},"13":{"start":{"line":81,"column":6},"end":{"line":86,"column":null}},"14":{"start":{"line":82,"column":8},"end":{"line":85,"column":null}},"15":{"start":{"line":87,"column":20},"end":{"line":87,"column":null}},"16":{"start":{"line":89,"column":6},"end":{"line":99,"column":null}},"17":{"start":{"line":90,"column":8},"end":{"line":90,"column":null}},"18":{"start":{"line":92,"column":8},"end":{"line":98,"column":null}},"19":{"start":{"line":93,"column":10},"end":{"line":93,"column":null}},"20":{"start":{"line":94,"column":8},"end":{"line":98,"column":null}},"21":{"start":{"line":95,"column":10},"end":{"line":95,"column":null}},"22":{"start":{"line":97,"column":10},"end":{"line":97,"column":null}},"23":{"start":{"line":100,"column":6},"end":{"line":100,"column":null}},"24":{"start":{"line":100,"column":47},"end":{"line":100,"column":null}},"25":{"start":{"line":101,"column":6},"end":{"line":106,"column":null}},"26":{"start":{"line":110,"column":6},"end":{"line":115,"column":null}},"27":{"start":{"line":111,"column":8},"end":{"line":114,"column":null}},"28":{"start":{"line":117,"column":6},"end":{"line":123,"column":null}},"29":{"start":{"line":118,"column":8},"end":{"line":118,"column":null}},"30":{"start":{"line":119,"column":6},"end":{"line":123,"column":null}},"31":{"start":{"line":120,"column":8},"end":{"line":120,"column":null}},"32":{"start":{"line":122,"column":8},"end":{"line":122,"column":null}},"33":{"start":{"line":124,"column":6},"end":{"line":129,"column":null}},"34":{"start":{"line":133,"column":6},"end":{"line":133,"column":null}},"35":{"start":{"line":133,"column":23},"end":{"line":133,"column":null}},"36":{"start":{"line":134,"column":16},"end":{"line":134,"column":null}},"37":{"start":{"line":135,"column":25},"end":{"line":135,"column":null}},"38":{"start":{"line":136,"column":6},"end":{"line":140,"column":null}},"39":{"start":{"line":145,"column":6},"end":{"line":145,"column":null}},"40":{"start":{"line":145,"column":23},"end":{"line":145,"column":null}},"41":{"start":{"line":147,"column":8},"end":{"line":147,"column":null}},"42":{"start":{"line":148,"column":22},"end":{"line":148,"column":null}},"43":{"start":{"line":149,"column":6},"end":{"line":160,"column":null}},"44":{"start":{"line":154,"column":8},"end":{"line":159,"column":null}},"45":{"start":{"line":161,"column":6},"end":{"line":169,"column":null}},"46":{"start":{"line":173,"column":6},"end":{"line":173,"column":null}},"47":{"start":{"line":176,"column":6},"end":{"line":176,"column":null}},"48":{"start":{"line":181,"column":24},"end":{"line":181,"column":null}},"49":{"start":{"line":182,"column":27},"end":{"line":182,"column":null}},"50":{"start":{"line":184,"column":8},"end":{"line":230,"column":null}},"51":{"start":{"line":185,"column":15},"end":{"line":185,"column":null}},"52":{"start":{"line":186,"column":4},"end":{"line":186,"column":null}},"53":{"start":{"line":186,"column":13},"end":{"line":186,"column":null}},"54":{"start":{"line":187,"column":4},"end":{"line":187,"column":null}},"55":{"start":{"line":188,"column":20},"end":{"line":188,"column":null}},"56":{"start":{"line":189,"column":4},"end":{"line":208,"column":null}},"57":{"start":{"line":190,"column":6},"end":{"line":196,"column":null}},"58":{"start":{"line":191,"column":8},"end":{"line":194,"column":null}},"59":{"start":{"line":195,"column":8},"end":{"line":195,"column":null}},"60":{"start":{"line":197,"column":6},"end":{"line":197,"column":null}},"61":{"start":{"line":198,"column":6},"end":{"line":206,"column":null}},"62":{"start":{"line":199,"column":23},"end":{"line":199,"column":null}},"63":{"start":{"line":200,"column":8},"end":{"line":200,"column":null}},"64":{"start":{"line":202,"column":8},"end":{"line":205,"column":null}},"65":{"start":{"line":207,"column":6},"end":{"line":207,"column":null}},"66":{"start":{"line":209,"column":17},"end":{"line":209,"column":null}},"67":{"start":{"line":210,"column":4},"end":{"line":216,"column":null}},"68":{"start":{"line":211,"column":6},"end":{"line":214,"column":null}},"69":{"start":{"line":215,"column":6},"end":{"line":215,"column":null}},"70":{"start":{"line":217,"column":4},"end":{"line":217,"column":null}},"71":{"start":{"line":218,"column":4},"end":{"line":229,"column":null}},"72":{"start":{"line":219,"column":21},"end":{"line":222,"column":null}},"73":{"start":{"line":223,"column":6},"end":{"line":223,"column":null}},"74":{"start":{"line":225,"column":6},"end":{"line":228,"column":null}},"75":{"start":{"line":232,"column":8},"end":{"line":252,"column":null}},"76":{"start":{"line":233,"column":4},"end":{"line":233,"column":null}},"77":{"start":{"line":234,"column":20},"end":{"line":234,"column":null}},"78":{"start":{"line":235,"column":4},"end":{"line":241,"column":null}},"79":{"start":{"line":236,"column":6},"end":{"line":239,"column":null}},"80":{"start":{"line":240,"column":6},"end":{"line":240,"column":null}},"81":{"start":{"line":242,"column":4},"end":{"line":242,"column":null}},"82":{"start":{"line":243,"column":4},"end":{"line":251,"column":null}},"83":{"start":{"line":244,"column":21},"end":{"line":244,"column":null}},"84":{"start":{"line":245,"column":6},"end":{"line":245,"column":null}},"85":{"start":{"line":247,"column":6},"end":{"line":250,"column":null}},"86":{"start":{"line":254,"column":2},"end":{"line":254,"column":null}}},"fnMap":{"0":{"name":"digitCount","decl":{"start":{"line":24,"column":9},"end":{"line":24,"column":20}},"loc":{"start":{"line":24,"column":45},"end":{"line":26,"column":null}},"line":24},"1":{"name":"parseDisplay","decl":{"start":{"line":28,"column":9},"end":{"line":28,"column":22}},"loc":{"start":{"line":28,"column":47},"end":{"line":31,"column":null}},"line":28},"2":{"name":"calculatorReducer","decl":{"start":{"line":43,"column":16},"end":{"line":43,"column":null}},"loc":{"start":{"line":46,"column":19},"end":{"line":178,"column":null}},"line":46},"3":{"name":"useCalculator","decl":{"start":{"line":180,"column":16},"end":{"line":180,"column":32}},"loc":{"start":{"line":180,"column":32},"end":{"line":255,"column":null}},"line":180},"4":{"name":"(anonymous_4)","decl":{"start":{"line":184,"column":38},"end":{"line":184,"column":50}},"loc":{"start":{"line":184,"column":50},"end":{"line":230,"column":5}},"line":184},"5":{"name":"(anonymous_5)","decl":{"start":{"line":232,"column":33},"end":{"line":232,"column":45}},"loc":{"start":{"line":232,"column":45},"end":{"line":252,"column":5}},"line":232}},"branchMap":{"0":{"loc":{"start":{"line":30,"column":9},"end":{"line":30,"column":null}},"type":"cond-expr","locations":[{"start":{"line":30,"column":27},"end":{"line":30,"column":31}},{"start":{"line":30,"column":31},"end":{"line":30,"column":null}}],"line":30},"1":{"loc":{"start":{"line":47,"column":2},"end":{"line":177,"column":null}},"type":"switch","locations":[{"start":{"line":48,"column":4},"end":{"line":49,"column":null}},{"start":{"line":51,"column":4},"end":{"line":52,"column":null}},{"start":{"line":54,"column":4},"end":{"line":59,"column":null}},{"start":{"line":60,"column":4},"end":{"line":76,"column":null}},{"start":{"line":77,"column":4},"end":{"line":78,"column":null}},{"start":{"line":80,"column":4},"end":{"line":107,"column":null}},{"start":{"line":109,"column":4},"end":{"line":130,"column":null}},{"start":{"line":132,"column":4},"end":{"line":141,"column":null}},{"start":{"line":143,"column":4},"end":{"line":143,"column":null}},{"start":{"line":144,"column":4},"end":{"line":170,"column":null}},{"start":{"line":172,"column":4},"end":{"line":173,"column":null}},{"start":{"line":175,"column":4},"end":{"line":176,"column":null}}],"line":47},"2":{"loc":{"start":{"line":63,"column":8},"end":{"line":65,"column":null}},"type":"cond-expr","locations":[{"start":{"line":64,"column":12},"end":{"line":64,"column":null}},{"start":{"line":65,"column":12},"end":{"line":65,"column":null}}],"line":63},"3":{"loc":{"start":{"line":63,"column":8},"end":{"line":63,"column":null}},"type":"binary-expr","locations":[{"start":{"line":63,"column":8},"end":{"line":63,"column":36}},{"start":{"line":63,"column":36},"end":{"line":63,"column":null}}],"line":63},"4":{"loc":{"start":{"line":81,"column":6},"end":{"line":86,"column":null}},"type":"if","locations":[{"start":{"line":81,"column":6},"end":{"line":86,"column":null}},{"start":{},"end":{}}],"line":81},"5":{"loc":{"start":{"line":89,"column":6},"end":{"line":99,"column":null}},"type":"if","locations":[{"start":{"line":89,"column":6},"end":{"line":99,"column":null}},{"start":{"line":91,"column":13},"end":{"line":99,"column":null}}],"line":89},"6":{"loc":{"start":{"line":90,"column":21},"end":{"line":90,"column":null}},"type":"cond-expr","locations":[{"start":{"line":90,"column":37},"end":{"line":90,"column":43}},{"start":{"line":90,"column":43},"end":{"line":90,"column":null}}],"line":90},"7":{"loc":{"start":{"line":92,"column":8},"end":{"line":98,"column":null}},"type":"if","locations":[{"start":{"line":92,"column":8},"end":{"line":98,"column":null}},{"start":{"line":94,"column":8},"end":{"line":98,"column":null}}],"line":92},"8":{"loc":{"start":{"line":92,"column":12},"end":{"line":92,"column":52}},"type":"binary-expr","locations":[{"start":{"line":92,"column":12},"end":{"line":92,"column":37}},{"start":{"line":92,"column":37},"end":{"line":92,"column":52}}],"line":92},"9":{"loc":{"start":{"line":94,"column":8},"end":{"line":98,"column":null}},"type":"if","locations":[{"start":{"line":94,"column":8},"end":{"line":98,"column":null}},{"start":{"line":96,"column":15},"end":{"line":98,"column":null}}],"line":94},"10":{"loc":{"start":{"line":94,"column":19},"end":{"line":94,"column":59}},"type":"binary-expr","locations":[{"start":{"line":94,"column":19},"end":{"line":94,"column":44}},{"start":{"line":94,"column":44},"end":{"line":94,"column":59}}],"line":94},"11":{"loc":{"start":{"line":100,"column":6},"end":{"line":100,"column":null}},"type":"if","locations":[{"start":{"line":100,"column":6},"end":{"line":100,"column":null}},{"start":{},"end":{}}],"line":100},"12":{"loc":{"start":{"line":110,"column":6},"end":{"line":115,"column":null}},"type":"if","locations":[{"start":{"line":110,"column":6},"end":{"line":115,"column":null}},{"start":{},"end":{}}],"line":110},"13":{"loc":{"start":{"line":117,"column":6},"end":{"line":123,"column":null}},"type":"if","locations":[{"start":{"line":117,"column":6},"end":{"line":123,"column":null}},{"start":{"line":119,"column":6},"end":{"line":123,"column":null}}],"line":117},"14":{"loc":{"start":{"line":119,"column":6},"end":{"line":123,"column":null}},"type":"if","locations":[{"start":{"line":119,"column":6},"end":{"line":123,"column":null}},{"start":{"line":121,"column":13},"end":{"line":123,"column":null}}],"line":119},"15":{"loc":{"start":{"line":133,"column":6},"end":{"line":133,"column":null}},"type":"if","locations":[{"start":{"line":133,"column":6},"end":{"line":133,"column":null}},{"start":{},"end":{}}],"line":133},"16":{"loc":{"start":{"line":135,"column":25},"end":{"line":135,"column":null}},"type":"cond-expr","locations":[{"start":{"line":135,"column":35},"end":{"line":135,"column":41}},{"start":{"line":135,"column":41},"end":{"line":135,"column":null}}],"line":135},"17":{"loc":{"start":{"line":145,"column":6},"end":{"line":145,"column":null}},"type":"if","locations":[{"start":{"line":145,"column":6},"end":{"line":145,"column":null}},{"start":{},"end":{}}],"line":145},"18":{"loc":{"start":{"line":147,"column":8},"end":{"line":147,"column":null}},"type":"cond-expr","locations":[{"start":{"line":147,"column":39},"end":{"line":147,"column":54}},{"start":{"line":147,"column":54},"end":{"line":147,"column":null}}],"line":147},"19":{"loc":{"start":{"line":149,"column":6},"end":{"line":160,"column":null}},"type":"if","locations":[{"start":{"line":149,"column":6},"end":{"line":160,"column":null}},{"start":{},"end":{}}],"line":149},"20":{"loc":{"start":{"line":150,"column":8},"end":{"line":152,"column":null}},"type":"binary-expr","locations":[{"start":{"line":150,"column":8},"end":{"line":150,"column":null}},{"start":{"line":151,"column":8},"end":{"line":151,"column":null}},{"start":{"line":152,"column":8},"end":{"line":152,"column":null}}],"line":150},"21":{"loc":{"start":{"line":164,"column":10},"end":{"line":166,"column":null}},"type":"cond-expr","locations":[{"start":{"line":165,"column":14},"end":{"line":165,"column":null}},{"start":{"line":166,"column":14},"end":{"line":166,"column":null}}],"line":164},"22":{"loc":{"start":{"line":164,"column":10},"end":{"line":164,"column":null}},"type":"binary-expr","locations":[{"start":{"line":164,"column":10},"end":{"line":164,"column":37}},{"start":{"line":164,"column":37},"end":{"line":164,"column":null}}],"line":164},"23":{"loc":{"start":{"line":186,"column":4},"end":{"line":186,"column":null}},"type":"if","locations":[{"start":{"line":186,"column":4},"end":{"line":186,"column":null}},{"start":{},"end":{}}],"line":186},"24":{"loc":{"start":{"line":189,"column":4},"end":{"line":208,"column":null}},"type":"if","locations":[{"start":{"line":189,"column":4},"end":{"line":208,"column":null}},{"start":{},"end":{}}],"line":189},"25":{"loc":{"start":{"line":190,"column":6},"end":{"line":196,"column":null}},"type":"if","locations":[{"start":{"line":190,"column":6},"end":{"line":196,"column":null}},{"start":{},"end":{}}],"line":190},"26":{"loc":{"start":{"line":204,"column":19},"end":{"line":204,"column":null}},"type":"cond-expr","locations":[{"start":{"line":204,"column":42},"end":{"line":204,"column":56}},{"start":{"line":204,"column":56},"end":{"line":204,"column":null}}],"line":204},"27":{"loc":{"start":{"line":209,"column":17},"end":{"line":209,"column":null}},"type":"binary-expr","locations":[{"start":{"line":209,"column":17},"end":{"line":209,"column":40}},{"start":{"line":209,"column":40},"end":{"line":209,"column":null}}],"line":209},"28":{"loc":{"start":{"line":210,"column":4},"end":{"line":216,"column":null}},"type":"if","locations":[{"start":{"line":210,"column":4},"end":{"line":216,"column":null}},{"start":{},"end":{}}],"line":210},"29":{"loc":{"start":{"line":210,"column":8},"end":{"line":210,"column":54}},"type":"binary-expr","locations":[{"start":{"line":210,"column":8},"end":{"line":210,"column":27}},{"start":{"line":210,"column":15},"end":{"line":210,"column":54}}],"line":210},"30":{"loc":{"start":{"line":227,"column":17},"end":{"line":227,"column":null}},"type":"cond-expr","locations":[{"start":{"line":227,"column":40},"end":{"line":227,"column":54}},{"start":{"line":227,"column":54},"end":{"line":227,"column":null}}],"line":227},"31":{"loc":{"start":{"line":235,"column":4},"end":{"line":241,"column":null}},"type":"if","locations":[{"start":{"line":235,"column":4},"end":{"line":241,"column":null}},{"start":{},"end":{}}],"line":235},"32":{"loc":{"start":{"line":249,"column":17},"end":{"line":249,"column":null}},"type":"cond-expr","locations":[{"start":{"line":249,"column":40},"end":{"line":249,"column":54}},{"start":{"line":249,"column":54},"end":{"line":249,"column":null}}],"line":249}},"s":{"0":1,"1":15,"2":26,"3":26,"4":1,"5":35,"6":4,"7":3,"8":2,"9":2,"10":2,"11":2,"12":1,"13":15,"14":0,"15":15,"16":15,"17":3,"18":12,"19":10,"20":2,"21":0,"22":2,"23":15,"24":0,"25":15,"26":3,"27":0,"28":3,"29":0,"30":3,"31":1,"32":2,"33":2,"34":1,"35":0,"36":1,"37":1,"38":1,"39":4,"40":0,"41":4,"42":4,"43":4,"44":0,"45":4,"46":0,"47":0,"48":39,"49":39,"50":39,"51":3,"52":3,"53":0,"54":3,"55":3,"56":3,"57":0,"58":0,"59":0,"60":0,"61":0,"62":0,"63":0,"64":0,"65":0,"66":3,"67":3,"68":1,"69":1,"70":2,"71":2,"72":2,"73":1,"74":1,"75":39,"76":1,"77":1,"78":1,"79":0,"80":0,"81":1,"82":1,"83":1,"84":1,"85":0,"86":39},"f":{"0":15,"1":26,"2":35,"3":39,"4":3,"5":1},"b":{"0":[0,26],"1":[4,3,2,2,1,15,3,1,4,4,0,0],"2":[2,0],"3":[2,2],"4":[0,15],"5":[3,12],"6":[1,2],"7":[10,2],"8":[12,10],"9":[0,2],"10":[2,0],"11":[0,15],"12":[0,3],"13":[0,3],"14":[1,2],"15":[0,1],"16":[0,1],"17":[0,4],"18":[0,4],"19":[0,4],"20":[4,0,0],"21":[0,4],"22":[4,0],"23":[0,3],"24":[0,3],"25":[0,0],"26":[0,0],"27":[3,0],"28":[1,2],"29":[3,1],"30":[1,0],"31":[0,1],"32":[0,0]},"meta":{"lastBranch":33,"lastFunction":6,"lastStatement":87,"seen":{"s:9:19:9:Infinity":0,"f:24:9:24:20":0,"s:25:2:25:Infinity":1,"f:28:9:28:22":1,"s:29:12:29:Infinity":2,"s:30:2:30:Infinity":3,"b:30:27:30:31:30:31:30:Infinity":0,"s:33:38:41:Infinity":4,"f:43:16:43:Infinity":2,"b:48:4:49:Infinity:51:4:52:Infinity:54:4:59:Infinity:60:4:76:Infinity:77:4:78:Infinity:80:4:107:Infinity:109:4:130:Infinity:132:4:141:Infinity:143:4:143:Infinity:144:4:170:Infinity:172:4:173:Infinity:175:4:176:Infinity":1,"s:47:2:177:Infinity":5,"s:49:6:49:Infinity":6,"s:52:6:52:Infinity":7,"s:55:6:59:Infinity":8,"s:61:21:61:Infinity":9,"s:63:8:65:Infinity":10,"b:64:12:64:Infinity:65:12:65:Infinity":2,"b:63:8:63:36:63:36:63:Infinity":3,"s:66:6:75:Infinity":11,"s:78:6:78:Infinity":12,"b:81:6:86:Infinity:undefined:undefined:undefined:undefined":4,"s:81:6:86:Infinity":13,"s:82:8:85:Infinity":14,"s:87:20:87:Infinity":15,"b:89:6:99:Infinity:91:13:99:Infinity":5,"s:89:6:99:Infinity":16,"s:90:8:90:Infinity":17,"b:90:37:90:43:90:43:90:Infinity":6,"b:92:8:98:Infinity:94:8:98:Infinity":7,"s:92:8:98:Infinity":18,"b:92:12:92:37:92:37:92:52":8,"s:93:10:93:Infinity":19,"b:94:8:98:Infinity:96:15:98:Infinity":9,"s:94:8:98:Infinity":20,"b:94:19:94:44:94:44:94:59":10,"s:95:10:95:Infinity":21,"s:97:10:97:Infinity":22,"b:100:6:100:Infinity:undefined:undefined:undefined:undefined":11,"s:100:6:100:Infinity":23,"s:100:47:100:Infinity":24,"s:101:6:106:Infinity":25,"b:110:6:115:Infinity:undefined:undefined:undefined:undefined":12,"s:110:6:115:Infinity":26,"s:111:8:114:Infinity":27,"b:117:6:123:Infinity:119:6:123:Infinity":13,"s:117:6:123:Infinity":28,"s:118:8:118:Infinity":29,"b:119:6:123:Infinity:121:13:123:Infinity":14,"s:119:6:123:Infinity":30,"s:120:8:120:Infinity":31,"s:122:8:122:Infinity":32,"s:124:6:129:Infinity":33,"b:133:6:133:Infinity:undefined:undefined:undefined:undefined":15,"s:133:6:133:Infinity":34,"s:133:23:133:Infinity":35,"s:134:16:134:Infinity":36,"s:135:25:135:Infinity":37,"b:135:35:135:41:135:41:135:Infinity":16,"s:136:6:140:Infinity":38,"b:145:6:145:Infinity:undefined:undefined:undefined:undefined":17,"s:145:6:145:Infinity":39,"s:145:23:145:Infinity":40,"s:147:8:147:Infinity":41,"b:147:39:147:54:147:54:147:Infinity":18,"s:148:22:148:Infinity":42,"b:149:6:160:Infinity:undefined:undefined:undefined:undefined":19,"s:149:6:160:Infinity":43,"b:150:8:150:Infinity:151:8:151:Infinity:152:8:152:Infinity":20,"s:154:8:159:Infinity":44,"s:161:6:169:Infinity":45,"b:165:14:165:Infinity:166:14:166:Infinity":21,"b:164:10:164:37:164:37:164:Infinity":22,"s:173:6:173:Infinity":46,"s:176:6:176:Infinity":47,"f:180:16:180:32":3,"s:181:24:181:Infinity":48,"s:182:27:182:Infinity":49,"s:184:8:230:Infinity":50,"f:184:38:184:50":4,"s:185:15:185:Infinity":51,"b:186:4:186:Infinity:undefined:undefined:undefined:undefined":23,"s:186:4:186:Infinity":52,"s:186:13:186:Infinity":53,"s:187:4:187:Infinity":54,"s:188:20:188:Infinity":55,"b:189:4:208:Infinity:undefined:undefined:undefined:undefined":24,"s:189:4:208:Infinity":56,"b:190:6:196:Infinity:undefined:undefined:undefined:undefined":25,"s:190:6:196:Infinity":57,"s:191:8:194:Infinity":58,"s:195:8:195:Infinity":59,"s:197:6:197:Infinity":60,"s:198:6:206:Infinity":61,"s:199:23:199:Infinity":62,"s:200:8:200:Infinity":63,"s:202:8:205:Infinity":64,"b:204:42:204:56:204:56:204:Infinity":26,"s:207:6:207:Infinity":65,"s:209:17:209:Infinity":66,"b:209:17:209:40:209:40:209:Infinity":27,"b:210:4:216:Infinity:undefined:undefined:undefined:undefined":28,"s:210:4:216:Infinity":67,"b:210:8:210:27:210:15:210:54":29,"s:211:6:214:Infinity":68,"s:215:6:215:Infinity":69,"s:217:4:217:Infinity":70,"s:218:4:229:Infinity":71,"s:219:21:222:Infinity":72,"s:223:6:223:Infinity":73,"s:225:6:228:Infinity":74,"b:227:40:227:54:227:54:227:Infinity":30,"s:232:8:252:Infinity":75,"f:232:33:232:45":5,"s:233:4:233:Infinity":76,"s:234:20:234:Infinity":77,"b:235:4:241:Infinity:undefined:undefined:undefined:undefined":31,"s:235:4:241:Infinity":78,"s:236:6:239:Infinity":79,"s:240:6:240:Infinity":80,"s:242:4:242:Infinity":81,"s:243:4:251:Infinity":82,"s:244:21:244:Infinity":83,"s:245:6:245:Infinity":84,"s:247:6:250:Infinity":85,"b:249:40:249:54:249:54:249:Infinity":32,"s:254:2:254:Infinity":86}}}
,"C:\\Users\\jonat\\Documents\\code\\sezzle\\calculator-frontend\\src\\services\\calculatorApi.ts": {"path":"C:\\Users\\jonat\\Documents\\code\\sezzle\\calculator-frontend\\src\\services\\calculatorApi.ts","statementMap":{"0":{"start":{"line":5,"column":2},"end":{"line":5,"column":null}},"1":{"start":{"line":7,"column":18},"end":{"line":11,"column":null}},"2":{"start":{"line":13,"column":29},"end":{"line":37,"column":null}},"3":{"start":{"line":15,"column":4},"end":{"line":15,"column":null}},"4":{"start":{"line":18,"column":4},"end":{"line":18,"column":null}},"5":{"start":{"line":21,"column":4},"end":{"line":21,"column":null}},"6":{"start":{"line":24,"column":4},"end":{"line":24,"column":null}},"7":{"start":{"line":27,"column":4},"end":{"line":27,"column":null}},"8":{"start":{"line":30,"column":4},"end":{"line":30,"column":null}},"9":{"start":{"line":33,"column":4},"end":{"line":36,"column":null}}},"fnMap":{"0":{"name":"(anonymous_0)","decl":{"start":{"line":14,"column":7},"end":{"line":14,"column":8}},"loc":{"start":{"line":15,"column":4},"end":{"line":15,"column":null}},"line":15},"1":{"name":"(anonymous_1)","decl":{"start":{"line":17,"column":12},"end":{"line":17,"column":13}},"loc":{"start":{"line":18,"column":4},"end":{"line":18,"column":null}},"line":18},"2":{"name":"(anonymous_2)","decl":{"start":{"line":20,"column":12},"end":{"line":20,"column":13}},"loc":{"start":{"line":21,"column":4},"end":{"line":21,"column":null}},"line":21},"3":{"name":"(anonymous_3)","decl":{"start":{"line":23,"column":10},"end":{"line":23,"column":11}},"loc":{"start":{"line":24,"column":4},"end":{"line":24,"column":null}},"line":24},"4":{"name":"(anonymous_4)","decl":{"start":{"line":26,"column":9},"end":{"line":26,"column":10}},"loc":{"start":{"line":27,"column":4},"end":{"line":27,"column":null}},"line":27},"5":{"name":"(anonymous_5)","decl":{"start":{"line":29,"column":8},"end":{"line":29,"column":9}},"loc":{"start":{"line":30,"column":4},"end":{"line":30,"column":null}},"line":30},"6":{"name":"(anonymous_6)","decl":{"start":{"line":32,"column":14},"end":{"line":32,"column":15}},"loc":{"start":{"line":33,"column":4},"end":{"line":36,"column":null}},"line":33}},"branchMap":{"0":{"loc":{"start":{"line":5,"column":2},"end":{"line":5,"column":null}},"type":"binary-expr","locations":[{"start":{"line":5,"column":2},"end":{"line":5,"column":34}},{"start":{"line":5,"column":34},"end":{"line":5,"column":null}}],"line":5}},"s":{"0":1,"1":1,"2":1,"3":3,"4":1,"5":1,"6":1,"7":1,"8":1,"9":1},"f":{"0":3,"1":1,"2":1,"3":1,"4":1,"5":1,"6":1},"b":{"0":[1,1]},"meta":{"lastBranch":1,"lastFunction":7,"lastStatement":10,"seen":{"s:5:2:5:Infinity":0,"b:5:2:5:34:5:34:5:Infinity":0,"s:7:18:11:Infinity":1,"s:13:29:37:Infinity":2,"f:14:7:14:8":0,"s:15:4:15:Infinity":3,"f:17:12:17:13":1,"s:18:4:18:Infinity":4,"f:20:12:20:13":2,"s:21:4:21:Infinity":5,"f:23:10:23:11":3,"s:24:4:24:Infinity":6,"f:26:9:26:10":4,"s:27:4:27:Infinity":7,"f:29:8:29:9":5,"s:30:4:30:Infinity":8,"f:32:14:32:15":6,"s:33:4:36:Infinity":9}}}
,"C:\\Users\\jonat\\Documents\\code\\sezzle\\calculator-frontend\\src\\utils\\errorMessages.ts": {"path":"C:\\Users\\jonat\\Documents\\code\\sezzle\\calculator-frontend\\src\\utils\\errorMessages.ts","statementMap":{"0":{"start":{"line":3,"column":47},"end":{"line":10,"column":null}},"1":{"start":{"line":16,"column":2},"end":{"line":25,"column":null}},"2":{"start":{"line":17,"column":23},"end":{"line":17,"column":null}},"3":{"start":{"line":18,"column":17},"end":{"line":18,"column":null}},"4":{"start":{"line":19,"column":4},"end":{"line":21,"column":null}},"5":{"start":{"line":20,"column":6},"end":{"line":20,"column":null}},"6":{"start":{"line":22,"column":4},"end":{"line":24,"column":null}},"7":{"start":{"line":23,"column":6},"end":{"line":23,"column":null}},"8":{"start":{"line":26,"column":2},"end":{"line":31,"column":null}},"9":{"start":{"line":27,"column":4},"end":{"line":29,"column":null}},"10":{"start":{"line":28,"column":6},"end":{"line":28,"column":null}},"11":{"start":{"line":30,"column":4},"end":{"line":30,"column":null}},"12":{"start":{"line":32,"column":2},"end":{"line":32,"column":null}}},"fnMap":{"0":{"name":"getUserFriendlyErrorMessage","decl":{"start":{"line":12,"column":16},"end":{"line":12,"column":null}},"loc":{"start":{"line":15,"column":10},"end":{"line":33,"column":null}},"line":15}},"branchMap":{"0":{"loc":{"start":{"line":14,"column":2},"end":{"line":14,"column":null}},"type":"default-arg","locations":[{"start":{"line":14,"column":19},"end":{"line":14,"column":null}}],"line":14},"1":{"loc":{"start":{"line":16,"column":2},"end":{"line":25,"column":null}},"type":"if","locations":[{"start":{"line":16,"column":2},"end":{"line":25,"column":null}},{"start":{},"end":{}}],"line":16},"2":{"loc":{"start":{"line":16,"column":6},"end":{"line":16,"column":74}},"type":"binary-expr","locations":[{"start":{"line":16,"column":6},"end":{"line":16,"column":35}},{"start":{"line":16,"column":35},"end":{"line":16,"column":53}},{"start":{"line":16,"column":53},"end":{"line":16,"column":74}}],"line":16},"3":{"loc":{"start":{"line":19,"column":4},"end":{"line":21,"column":null}},"type":"if","locations":[{"start":{"line":19,"column":4},"end":{"line":21,"column":null}},{"start":{},"end":{}}],"line":19},"4":{"loc":{"start":{"line":19,"column":8},"end":{"line":19,"column":59}},"type":"binary-expr","locations":[{"start":{"line":19,"column":8},"end":{"line":19,"column":27}},{"start":{"line":19,"column":27},"end":{"line":19,"column":59}}],"line":19},"5":{"loc":{"start":{"line":22,"column":4},"end":{"line":24,"column":null}},"type":"if","locations":[{"start":{"line":22,"column":4},"end":{"line":24,"column":null}},{"start":{},"end":{}}],"line":22},"6":{"loc":{"start":{"line":26,"column":2},"end":{"line":31,"column":null}},"type":"if","locations":[{"start":{"line":26,"column":2},"end":{"line":31,"column":null}},{"start":{},"end":{}}],"line":26},"7":{"loc":{"start":{"line":27,"column":4},"end":{"line":29,"column":null}},"type":"if","locations":[{"start":{"line":27,"column":4},"end":{"line":29,"column":null}},{"start":{},"end":{}}],"line":27},"8":{"loc":{"start":{"line":27,"column":8},"end":{"line":27,"column":80}},"type":"binary-expr","locations":[{"start":{"line":27,"column":8},"end":{"line":27,"column":45}},{"start":{"line":27,"column":45},"end":{"line":27,"column":80}}],"line":27}},"s":{"0":2,"1":5,"2":3,"3":3,"4":3,"5":3,"6":0,"7":0,"8":2,"9":1,"10":1,"11":0,"12":1},"f":{"0":5},"b":{"0":[5],"1":[3,2],"2":[5,5,5],"3":[3,0],"4":[3,3],"5":[0,0],"6":[1,1],"7":[1,0],"8":[1,1]},"meta":{"lastBranch":9,"lastFunction":1,"lastStatement":13,"seen":{"s:3:47:10:Infinity":0,"f:12:16:12:Infinity":0,"b:14:19:14:Infinity":0,"b:16:2:25:Infinity:undefined:undefined:undefined:undefined":1,"s:16:2:25:Infinity":1,"b:16:6:16:35:16:35:16:53:16:53:16:74":2,"s:17:23:17:Infinity":2,"s:18:17:18:Infinity":3,"b:19:4:21:Infinity:undefined:undefined:undefined:undefined":3,"s:19:4:21:Infinity":4,"b:19:8:19:27:19:27:19:59":4,"s:20:6:20:Infinity":5,"b:22:4:24:Infinity:undefined:undefined:undefined:undefined":5,"s:22:4:24:Infinity":6,"s:23:6:23:Infinity":7,"b:26:2:31:Infinity:undefined:undefined:undefined:undefined":6,"s:26:2:31:Infinity":8,"b:27:4:29:Infinity:undefined:undefined:undefined:undefined":7,"s:27:4:29:Infinity":9,"b:27:8:27:45:27:45:27:80":8,"s:28:6:28:Infinity":10,"s:30:4:30:Infinity":11,"s:32:2:32:Infinity":12}}}
,"C:\\Users\\jonat\\Documents\\code\\sezzle\\calculator-frontend\\src\\utils\\formatNumber.ts": {"path":"C:\\Users\\jonat\\Documents\\code\\sezzle\\calculator-frontend\\src\\utils\\formatNumber.ts","statementMap":{"0":{"start":{"line":1,"column":27},"end":{"line":1,"column":null}},"1":{"start":{"line":8,"column":2},"end":{"line":14,"column":null}},"2":{"start":{"line":9,"column":4},"end":{"line":9,"column":null}},"3":{"start":{"line":9,"column":33},"end":{"line":9,"column":null}},"4":{"start":{"line":10,"column":4},"end":{"line":12,"column":null}},"5":{"start":{"line":11,"column":6},"end":{"line":11,"column":null}},"6":{"start":{"line":13,"column":4},"end":{"line":13,"column":null}},"7":{"start":{"line":15,"column":18},"end":{"line":15,"column":null}},"8":{"start":{"line":16,"column":2},"end":{"line":16,"column":null}},"9":{"start":{"line":16,"column":54},"end":{"line":16,"column":null}},"10":{"start":{"line":17,"column":12},"end":{"line":17,"column":null}},"11":{"start":{"line":18,"column":2},"end":{"line":18,"column":null}},"12":{"start":{"line":18,"column":23},"end":{"line":18,"column":null}},"13":{"start":{"line":20,"column":2},"end":{"line":27,"column":null}},"14":{"start":{"line":21,"column":4},"end":{"line":21,"column":null}},"15":{"start":{"line":23,"column":4},"end":{"line":23,"column":null}},"16":{"start":{"line":24,"column":4},"end":{"line":26,"column":null}},"17":{"start":{"line":25,"column":6},"end":{"line":25,"column":null}},"18":{"start":{"line":28,"column":2},"end":{"line":31,"column":null}},"19":{"start":{"line":29,"column":16},"end":{"line":29,"column":null}},"20":{"start":{"line":30,"column":4},"end":{"line":30,"column":null}},"21":{"start":{"line":32,"column":2},"end":{"line":32,"column":null}}},"fnMap":{"0":{"name":"formatNumber","decl":{"start":{"line":7,"column":16},"end":{"line":7,"column":29}},"loc":{"start":{"line":7,"column":61},"end":{"line":33,"column":null}},"line":7}},"branchMap":{"0":{"loc":{"start":{"line":8,"column":2},"end":{"line":14,"column":null}},"type":"if","locations":[{"start":{"line":8,"column":2},"end":{"line":14,"column":null}},{"start":{},"end":{}}],"line":8},"1":{"loc":{"start":{"line":9,"column":4},"end":{"line":9,"column":null}},"type":"if","locations":[{"start":{"line":9,"column":4},"end":{"line":9,"column":null}},{"start":{},"end":{}}],"line":9},"2":{"loc":{"start":{"line":10,"column":4},"end":{"line":12,"column":null}},"type":"if","locations":[{"start":{"line":10,"column":4},"end":{"line":12,"column":null}},{"start":{},"end":{}}],"line":10},"3":{"loc":{"start":{"line":10,"column":8},"end":{"line":10,"column":59}},"type":"binary-expr","locations":[{"start":{"line":10,"column":8},"end":{"line":10,"column":35}},{"start":{"line":10,"column":35},"end":{"line":10,"column":59}}],"line":10},"4":{"loc":{"start":{"line":16,"column":2},"end":{"line":16,"column":null}},"type":"if","locations":[{"start":{"line":16,"column":2},"end":{"line":16,"column":null}},{"start":{},"end":{}}],"line":16},"5":{"loc":{"start":{"line":16,"column":6},"end":{"line":16,"column":54}},"type":"binary-expr","locations":[{"start":{"line":16,"column":6},"end":{"line":16,"column":18}},{"start":{"line":16,"column":18},"end":{"line":16,"column":37}},{"start":{"line":16,"column":37},"end":{"line":16,"column":54}}],"line":16},"6":{"loc":{"start":{"line":18,"column":2},"end":{"line":18,"column":null}},"type":"if","locations":[{"start":{"line":18,"column":2},"end":{"line":18,"column":null}},{"start":{},"end":{}}],"line":18},"7":{"loc":{"start":{"line":20,"column":2},"end":{"line":27,"column":null}},"type":"if","locations":[{"start":{"line":20,"column":2},"end":{"line":27,"column":null}},{"start":{"line":22,"column":9},"end":{"line":27,"column":null}}],"line":20},"8":{"loc":{"start":{"line":20,"column":6},"end":{"line":20,"column":49}},"type":"binary-expr","locations":[{"start":{"line":20,"column":6},"end":{"line":20,"column":29}},{"start":{"line":20,"column":29},"end":{"line":20,"column":49}}],"line":20},"9":{"loc":{"start":{"line":24,"column":4},"end":{"line":26,"column":null}},"type":"if","locations":[{"start":{"line":24,"column":4},"end":{"line":26,"column":null}},{"start":{},"end":{}}],"line":24},"10":{"loc":{"start":{"line":28,"column":2},"end":{"line":31,"column":null}},"type":"if","locations":[{"start":{"line":28,"column":2},"end":{"line":31,"column":null}},{"start":{},"end":{}}],"line":28},"11":{"loc":{"start":{"line":30,"column":10},"end":{"line":30,"column":null}},"type":"cond-expr","locations":[{"start":{"line":30,"column":40},"end":{"line":30,"column":63}},{"start":{"line":30,"column":63},"end":{"line":30,"column":null}}],"line":30},"12":{"loc":{"start":{"line":30,"column":10},"end":{"line":30,"column":40}},"type":"binary-expr","locations":[{"start":{"line":30,"column":10},"end":{"line":30,"column":25}},{"start":{"line":30,"column":25},"end":{"line":30,"column":40}}],"line":30}},"s":{"0":3,"1":23,"2":4,"3":0,"4":4,"5":3,"6":1,"7":19,"8":19,"9":2,"10":17,"11":17,"12":1,"13":16,"14":15,"15":1,"16":1,"17":1,"18":16,"19":0,"20":0,"21":16},"f":{"0":23},"b":{"0":[4,19],"1":[0,4],"2":[3,1],"3":[4,3],"4":[2,17],"5":[19,18,18],"6":[1,16],"7":[15,1],"8":[16,15],"9":[1,0],"10":[0,16],"11":[0,0],"12":[0,0]},"meta":{"lastBranch":13,"lastFunction":1,"lastStatement":22,"seen":{"s:1:27:1:Infinity":0,"f:7:16:7:29":0,"b:8:2:14:Infinity:undefined:undefined:undefined:undefined":0,"s:8:2:14:Infinity":1,"b:9:4:9:Infinity:undefined:undefined:undefined:undefined":1,"s:9:4:9:Infinity":2,"s:9:33:9:Infinity":3,"b:10:4:12:Infinity:undefined:undefined:undefined:undefined":2,"s:10:4:12:Infinity":4,"b:10:8:10:35:10:35:10:59":3,"s:11:6:11:Infinity":5,"s:13:4:13:Infinity":6,"s:15:18:15:Infinity":7,"b:16:2:16:Infinity:undefined:undefined:undefined:undefined":4,"s:16:2:16:Infinity":8,"b:16:6:16:18:16:18:16:37:16:37:16:54":5,"s:16:54:16:Infinity":9,"s:17:12:17:Infinity":10,"b:18:2:18:Infinity:undefined:undefined:undefined:undefined":6,"s:18:2:18:Infinity":11,"s:18:23:18:Infinity":12,"b:20:2:27:Infinity:22:9:27:Infinity":7,"s:20:2:27:Infinity":13,"b:20:6:20:29:20:29:20:49":8,"s:21:4:21:Infinity":14,"s:23:4:23:Infinity":15,"b:24:4:26:Infinity:undefined:undefined:undefined:undefined":9,"s:24:4:26:Infinity":16,"s:25:6:25:Infinity":17,"b:28:2:31:Infinity:undefined:undefined:undefined:undefined":10,"s:28:2:31:Infinity":18,"s:29:16:29:Infinity":19,"s:30:4:30:Infinity":20,"b:30:40:30:63:30:63:30:Infinity":11,"b:30:10:30:25:30:25:30:40":12,"s:32:2:32:Infinity":21}}}
,"C:\\Users\\jonat\\Documents\\code\\sezzle\\calculator-frontend\\src\\utils\\validation.ts": {"path":"C:\\Users\\jonat\\Documents\\code\\sezzle\\calculator-frontend\\src\\utils\\validation.ts","statementMap":{"0":{"start":{"line":2,"column":2},"end":{"line":2,"column":null}},"1":{"start":{"line":6,"column":2},"end":{"line":6,"column":null}},"2":{"start":{"line":10,"column":2},"end":{"line":10,"column":null}}},"fnMap":{"0":{"name":"isDivisionByZero","decl":{"start":{"line":1,"column":16},"end":{"line":1,"column":33}},"loc":{"start":{"line":1,"column":60},"end":{"line":3,"column":null}},"line":1},"1":{"name":"isNegativeForSqrt","decl":{"start":{"line":5,"column":16},"end":{"line":5,"column":34}},"loc":{"start":{"line":5,"column":60},"end":{"line":7,"column":null}},"line":5},"2":{"name":"isPercentageOutOfRange","decl":{"start":{"line":9,"column":16},"end":{"line":9,"column":39}},"loc":{"start":{"line":9,"column":68},"end":{"line":11,"column":null}},"line":9}},"branchMap":{"0":{"loc":{"start":{"line":10,"column":9},"end":{"line":10,"column":null}},"type":"binary-expr","locations":[{"start":{"line":10,"column":9},"end":{"line":10,"column":27}},{"start":{"line":10,"column":27},"end":{"line":10,"column":null}}],"line":10}},"s":{"0":3,"1":4,"2":5},"f":{"0":3,"1":4,"2":5},"b":{"0":[5,4]},"meta":{"lastBranch":1,"lastFunction":3,"lastStatement":3,"seen":{"f:1:16:1:33":0,"s:2:2:2:Infinity":0,"f:5:16:5:34":1,"s:6:2:6:Infinity":1,"f:9:16:9:39":2,"s:10:2:10:Infinity":2,"b:10:9:10:27:10:27:10:Infinity":0}}}
}
