{"C:\\Users\\jonat\\Documents\\code\\sezzle\\calculator-frontend\\src\\App.tsx": {"path":"C:\\Users\\jonat\\Documents\\code\\sezzle\\calculator-frontend\\src\\App.tsx","statementMap":{"0":{"start":{"line":5,"column":2},"end":{"line":10,"column":null}}},"fnMap":{"0":{"name":"App","decl":{"start":{"line":4,"column":9},"end":{"line":4,"column":15}},"loc":{"start":{"line":4,"column":15},"end":{"line":12,"column":null}},"line":4}},"branchMap":{},"s":{"0":1},"f":{"0":1},"b":{},"meta":{"lastBranch":0,"lastFunction":1,"lastStatement":1,"seen":{"f:4:9:4:15":0,"s:5:2:10:Infinity":0}}}
,"C:\\Users\\jonat\\Documents\\code\\sezzle\\calculator-frontend\\src\\components\\Calculator\\Button.tsx": {"path":"C:\\Users\\jonat\\Documents\\code\\sezzle\\calculator-frontend\\src\\components\\Calculator\\Button.tsx","statementMap":{"0":{"start":{"line":11,"column":48},"end":{"line":17,"column":null}},"1":{"start":{"line":27,"column":4},"end":{"line":27,"column":null}},"2":{"start":{"line":28,"column":20},"end":{"line":28,"column":null}},"3":{"start":{"line":29,"column":16},"end":{"line":29,"column":null}},"4":{"start":{"line":30,"column":2},"end":{"line":39,"column":null}}},"fnMap":{"0":{"name":"Button","decl":{"start":{"line":19,"column":16},"end":{"line":19,"column":23}},"loc":{"start":{"line":25,"column":16},"end":{"line":41,"column":null}},"line":25}},"branchMap":{"0":{"loc":{"start":{"line":24,"column":2},"end":{"line":24,"column":null}},"type":"default-arg","locations":[{"start":{"line":24,"column":14},"end":{"line":24,"column":null}}],"line":24},"1":{"loc":{"start":{"line":29,"column":16},"end":{"line":29,"column":null}},"type":"cond-expr","locations":[{"start":{"line":29,"column":29},"end":{"line":29,"column":46}},{"start":{"line":29,"column":46},"end":{"line":29,"column":null}}],"line":29}},"s":{"0":3,"1":318,"2":318,"3":318,"4":318},"f":{"0":318},"b":{"0":[318],"1":[0,318]},"meta":{"lastBranch":2,"lastFunction":1,"lastStatement":5,"seen":{"s:11:48:17:Infinity":0,"f:19:16:19:23":0,"b:24:14:24:Infinity":0,"s:27:4:27:Infinity":1,"s:28:20:28:Infinity":2,"s:29:16:29:Infinity":3,"b:29:29:29:46:29:46:29:Infinity":1,"s:30:2:39:Infinity":4}}}
,"C:\\Users\\jonat\\Documents\\code\\sezzle\\calculator-frontend\\src\\components\\Calculator\\Calculator.tsx": {"path":"C:\\Users\\jonat\\Documents\\code\\sezzle\\calculator-frontend\\src\\components\\Calculator\\Calculator.tsx","statementMap":{"0":{"start":{"line":8,"column":30},"end":{"line":8,"column":null}},"1":{"start":{"line":11,"column":55},"end":{"line":11,"column":null}},"2":{"start":{"line":12,"column":8},"end":{"line":12,"column":null}},"3":{"start":{"line":13,"column":38},"end":{"line":13,"column":null}},"4":{"start":{"line":15,"column":2},"end":{"line":23,"column":null}},"5":{"start":{"line":16,"column":4},"end":{"line":16,"column":null}},"6":{"start":{"line":16,"column":22},"end":{"line":16,"column":null}},"7":{"start":{"line":17,"column":4},"end":{"line":19,"column":null}},"8":{"start":{"line":18,"column":6},"end":{"line":18,"column":null}},"9":{"start":{"line":20,"column":4},"end":{"line":22,"column":null}},"10":{"start":{"line":21,"column":6},"end":{"line":21,"column":null}},"11":{"start":{"line":21,"column":30},"end":{"line":21,"column":null}},"12":{"start":{"line":25,"column":8},"end":{"line":27,"column":null}},"13":{"start":{"line":26,"column":4},"end":{"line":26,"column":null}},"14":{"start":{"line":29,"column":8},"end":{"line":37,"column":null}},"15":{"start":{"line":30,"column":4},"end":{"line":36,"column":null}},"16":{"start":{"line":31,"column":6},"end":{"line":33,"column":null}},"17":{"start":{"line":32,"column":8},"end":{"line":32,"column":null}},"18":{"start":{"line":35,"column":6},"end":{"line":35,"column":null}},"19":{"start":{"line":39,"column":8},"end":{"line":43,"column":null}},"20":{"start":{"line":40,"column":4},"end":{"line":42,"column":null}},"21":{"start":{"line":41,"column":6},"end":{"line":41,"column":null}},"22":{"start":{"line":45,"column":8},"end":{"line":86,"column":null}},"23":{"start":{"line":47,"column":6},"end":{"line":51,"column":null}},"24":{"start":{"line":48,"column":8},"end":{"line":48,"column":null}},"25":{"start":{"line":49,"column":8},"end":{"line":49,"column":null}},"26":{"start":{"line":50,"column":8},"end":{"line":50,"column":null}},"27":{"start":{"line":52,"column":6},"end":{"line":83,"column":null}},"28":{"start":{"line":54,"column":10},"end":{"line":54,"column":null}},"29":{"start":{"line":55,"column":10},"end":{"line":55,"column":null}},"30":{"start":{"line":56,"column":10},"end":{"line":56,"column":null}},"31":{"start":{"line":58,"column":10},"end":{"line":58,"column":null}},"32":{"start":{"line":59,"column":10},"end":{"line":59,"column":null}},"33":{"start":{"line":60,"column":10},"end":{"line":60,"column":null}},"34":{"start":{"line":62,"column":10},"end":{"line":62,"column":null}},"35":{"start":{"line":63,"column":10},"end":{"line":63,"column":null}},"36":{"start":{"line":64,"column":10},"end":{"line":64,"column":null}},"37":{"start":{"line":66,"column":10},"end":{"line":66,"column":null}},"38":{"start":{"line":67,"column":10},"end":{"line":67,"column":null}},"39":{"start":{"line":68,"column":10},"end":{"line":68,"column":null}},"40":{"start":{"line":70,"column":10},"end":{"line":70,"column":null}},"41":{"start":{"line":71,"column":10},"end":{"line":71,"column":null}},"42":{"start":{"line":72,"column":10},"end":{"line":72,"column":null}},"43":{"start":{"line":74,"column":10},"end":{"line":74,"column":null}},"44":{"start":{"line":75,"column":10},"end":{"line":75,"column":null}},"45":{"start":{"line":76,"column":10},"end":{"line":76,"column":null}},"46":{"start":{"line":78,"column":10},"end":{"line":78,"column":null}},"47":{"start":{"line":79,"column":10},"end":{"line":79,"column":null}},"48":{"start":{"line":80,"column":10},"end":{"line":80,"column":null}},"49":{"start":{"line":82,"column":10},"end":{"line":82,"column":null}},"50":{"start":{"line":88,"column":2},"end":{"line":91,"column":null}},"51":{"start":{"line":89,"column":4},"end":{"line":89,"column":null}},"52":{"start":{"line":90,"column":4},"end":{"line":90,"column":null}},"53":{"start":{"line":90,"column":17},"end":{"line":90,"column":null}},"54":{"start":{"line":94,"column":4},"end":{"line":96,"column":null}},"55":{"start":{"line":98,"column":2},"end":{"line":137,"column":null}},"56":{"start":{"line":109,"column":25},"end":{"line":109,"column":null}},"57":{"start":{"line":127,"column":25},"end":{"line":127,"column":null}},"58":{"start":{"line":128,"column":23},"end":{"line":128,"column":null}},"59":{"start":{"line":129,"column":28},"end":{"line":129,"column":null}},"60":{"start":{"line":130,"column":28},"end":{"line":130,"column":null}},"61":{"start":{"line":135,"column":32},"end":{"line":135,"column":null}},"62":{"start":{"line":135,"column":55},"end":{"line":135,"column":57}}},"fnMap":{"0":{"name":"Calculator","decl":{"start":{"line":10,"column":16},"end":{"line":10,"column":29}},"loc":{"start":{"line":10,"column":29},"end":{"line":139,"column":null}},"line":10},"1":{"name":"(anonymous_1)","decl":{"start":{"line":15,"column":12},"end":{"line":15,"column":18}},"loc":{"start":{"line":15,"column":18},"end":{"line":23,"column":5}},"line":15},"2":{"name":"(anonymous_2)","decl":{"start":{"line":17,"column":36},"end":{"line":17,"column":42}},"loc":{"start":{"line":17,"column":42},"end":{"line":19,"column":7}},"line":17},"3":{"name":"(anonymous_3)","decl":{"start":{"line":20,"column":11},"end":{"line":20,"column":17}},"loc":{"start":{"line":20,"column":17},"end":{"line":22,"column":null}},"line":20},"4":{"name":"(anonymous_4)","decl":{"start":{"line":25,"column":34},"end":{"line":25,"column":35}},"loc":{"start":{"line":25,"column":53},"end":{"line":27,"column":5}},"line":25},"5":{"name":"(anonymous_5)","decl":{"start":{"line":29,"column":37},"end":{"line":29,"column":38}},"loc":{"start":{"line":29,"column":56},"end":{"line":37,"column":5}},"line":29},"6":{"name":"(anonymous_6)","decl":{"start":{"line":31,"column":29},"end":{"line":31,"column":35}},"loc":{"start":{"line":31,"column":35},"end":{"line":33,"column":7}},"line":31},"7":{"name":"(anonymous_7)","decl":{"start":{"line":39,"column":35},"end":{"line":39,"column":41}},"loc":{"start":{"line":39,"column":41},"end":{"line":43,"column":5}},"line":39},"8":{"name":"(anonymous_8)","decl":{"start":{"line":46,"column":4},"end":{"line":46,"column":5}},"loc":{"start":{"line":46,"column":26},"end":{"line":84,"column":null}},"line":46},"9":{"name":"(anonymous_9)","decl":{"start":{"line":88,"column":12},"end":{"line":88,"column":18}},"loc":{"start":{"line":88,"column":18},"end":{"line":91,"column":5}},"line":88},"10":{"name":"(anonymous_10)","decl":{"start":{"line":90,"column":11},"end":{"line":90,"column":17}},"loc":{"start":{"line":90,"column":17},"end":{"line":90,"column":null}},"line":90},"11":{"name":"(anonymous_11)","decl":{"start":{"line":109,"column":19},"end":{"line":109,"column":25}},"loc":{"start":{"line":109,"column":25},"end":{"line":109,"column":null}},"line":109},"12":{"name":"(anonymous_12)","decl":{"start":{"line":127,"column":19},"end":{"line":127,"column":25}},"loc":{"start":{"line":127,"column":25},"end":{"line":127,"column":null}},"line":127},"13":{"name":"(anonymous_13)","decl":{"start":{"line":128,"column":17},"end":{"line":128,"column":23}},"loc":{"start":{"line":128,"column":23},"end":{"line":128,"column":null}},"line":128},"14":{"name":"(anonymous_14)","decl":{"start":{"line":129,"column":22},"end":{"line":129,"column":28}},"loc":{"start":{"line":129,"column":28},"end":{"line":129,"column":null}},"line":129},"15":{"name":"(anonymous_15)","decl":{"start":{"line":130,"column":22},"end":{"line":130,"column":28}},"loc":{"start":{"line":130,"column":28},"end":{"line":130,"column":null}},"line":130},"16":{"name":"(anonymous_16)","decl":{"start":{"line":135,"column":26},"end":{"line":135,"column":32}},"loc":{"start":{"line":135,"column":32},"end":{"line":135,"column":null}},"line":135},"17":{"name":"(anonymous_17)","decl":{"start":{"line":135,"column":48},"end":{"line":135,"column":49}},"loc":{"start":{"line":135,"column":55},"end":{"line":135,"column":57}},"line":135}},"branchMap":{"0":{"loc":{"start":{"line":16,"column":4},"end":{"line":16,"column":null}},"type":"if","locations":[{"start":{"line":16,"column":4},"end":{"line":16,"column":null}},{"start":{},"end":{}}],"line":16},"1":{"loc":{"start":{"line":21,"column":6},"end":{"line":21,"column":null}},"type":"if","locations":[{"start":{"line":21,"column":6},"end":{"line":21,"column":null}},{"start":{},"end":{}}],"line":21},"2":{"loc":{"start":{"line":30,"column":4},"end":{"line":36,"column":null}},"type":"if","locations":[{"start":{"line":30,"column":4},"end":{"line":36,"column":null}},{"start":{"line":34,"column":11},"end":{"line":36,"column":null}}],"line":30},"3":{"loc":{"start":{"line":30,"column":8},"end":{"line":30,"column":85}},"type":"binary-expr","locations":[{"start":{"line":30,"column":8},"end":{"line":30,"column":27}},{"start":{"line":30,"column":27},"end":{"line":30,"column":59}},{"start":{"line":30,"column":59},"end":{"line":30,"column":85}}],"line":30},"4":{"loc":{"start":{"line":40,"column":4},"end":{"line":42,"column":null}},"type":"if","locations":[{"start":{"line":40,"column":4},"end":{"line":42,"column":null}},{"start":{},"end":{}}],"line":40},"5":{"loc":{"start":{"line":47,"column":6},"end":{"line":51,"column":null}},"type":"if","locations":[{"start":{"line":47,"column":6},"end":{"line":51,"column":null}},{"start":{},"end":{}}],"line":47},"6":{"loc":{"start":{"line":47,"column":10},"end":{"line":47,"column":40}},"type":"binary-expr","locations":[{"start":{"line":47,"column":10},"end":{"line":47,"column":26}},{"start":{"line":47,"column":26},"end":{"line":47,"column":40}}],"line":47},"7":{"loc":{"start":{"line":52,"column":6},"end":{"line":83,"column":null}},"type":"switch","locations":[{"start":{"line":53,"column":8},"end":{"line":56,"column":null}},{"start":{"line":57,"column":8},"end":{"line":60,"column":null}},{"start":{"line":61,"column":8},"end":{"line":64,"column":null}},{"start":{"line":65,"column":8},"end":{"line":68,"column":null}},{"start":{"line":69,"column":8},"end":{"line":72,"column":null}},{"start":{"line":73,"column":8},"end":{"line":76,"column":null}},{"start":{"line":77,"column":8},"end":{"line":80,"column":null}},{"start":{"line":81,"column":8},"end":{"line":82,"column":null}}],"line":52},"8":{"loc":{"start":{"line":94,"column":4},"end":{"line":96,"column":null}},"type":"cond-expr","locations":[{"start":{"line":95,"column":8},"end":{"line":95,"column":null}},{"start":{"line":96,"column":8},"end":{"line":96,"column":null}}],"line":94},"9":{"loc":{"start":{"line":94,"column":4},"end":{"line":94,"column":null}},"type":"binary-expr","locations":[{"start":{"line":94,"column":4},"end":{"line":94,"column":23}},{"start":{"line":94,"column":23},"end":{"line":94,"column":null}}],"line":94},"10":{"loc":{"start":{"line":95,"column":34},"end":{"line":95,"column":263}},"type":"cond-expr","locations":[{"start":{"line":95,"column":62},"end":{"line":95,"column":68}},{"start":{"line":95,"column":68},"end":{"line":95,"column":263}}],"line":95},"11":{"loc":{"start":{"line":95,"column":68},"end":{"line":95,"column":263}},"type":"cond-expr","locations":[{"start":{"line":95,"column":101},"end":{"line":95,"column":107}},{"start":{"line":95,"column":107},"end":{"line":95,"column":263}}],"line":95},"12":{"loc":{"start":{"line":95,"column":107},"end":{"line":95,"column":263}},"type":"cond-expr","locations":[{"start":{"line":95,"column":140},"end":{"line":95,"column":146}},{"start":{"line":95,"column":146},"end":{"line":95,"column":263}}],"line":95},"13":{"loc":{"start":{"line":95,"column":146},"end":{"line":95,"column":263}},"type":"cond-expr","locations":[{"start":{"line":95,"column":177},"end":{"line":95,"column":183}},{"start":{"line":95,"column":183},"end":{"line":95,"column":263}}],"line":95},"14":{"loc":{"start":{"line":95,"column":183},"end":{"line":95,"column":263}},"type":"cond-expr","locations":[{"start":{"line":95,"column":213},"end":{"line":95,"column":220}},{"start":{"line":95,"column":220},"end":{"line":95,"column":263}}],"line":95},"15":{"loc":{"start":{"line":95,"column":220},"end":{"line":95,"column":263}},"type":"cond-expr","locations":[{"start":{"line":95,"column":255},"end":{"line":95,"column":261}},{"start":{"line":95,"column":261},"end":{"line":95,"column":263}}],"line":95},"16":{"loc":{"start":{"line":100,"column":92},"end":{"line":100,"column":126}},"type":"cond-expr","locations":[{"start":{"line":100,"column":106},"end":{"line":100,"column":124}},{"start":{"line":100,"column":124},"end":{"line":100,"column":126}}],"line":100},"17":{"loc":{"start":{"line":116,"column":7},"end":{"line":122,"column":null}},"type":"binary-expr","locations":[{"start":{"line":116,"column":7},"end":{"line":116,"column":null}},{"start":{"line":117,"column":8},"end":{"line":122,"column":null}}],"line":116},"18":{"loc":{"start":{"line":124,"column":7},"end":{"line":124,"column":null}},"type":"binary-expr","locations":[{"start":{"line":124,"column":7},"end":{"line":124,"column":26}},{"start":{"line":124,"column":26},"end":{"line":124,"column":null}}],"line":124}},"s":{"0":1,"1":9,"2":9,"3":9,"4":9,"5":9,"6":8,"7":1,"8":0,"9":1,"10":1,"11":1,"12":9,"13":2,"14":9,"15":0,"16":0,"17":0,"18":0,"19":9,"20":0,"21":0,"22":9,"23":2,"24":1,"25":1,"26":1,"27":1,"28":0,"29":0,"30":0,"31":0,"32":0,"33":0,"34":0,"35":0,"36":0,"37":0,"38":0,"39":0,"40":0,"41":0,"42":0,"43":0,"44":0,"45":0,"46":1,"47":1,"48":1,"49":0,"50":9,"51":8,"52":8,"53":8,"54":9,"55":9,"56":0,"57":0,"58":1,"59":0,"60":0,"61":0,"62":0},"f":{"0":9,"1":9,"2":0,"3":1,"4":2,"5":0,"6":0,"7":0,"8":2,"9":8,"10":8,"11":0,"12":0,"13":1,"14":0,"15":0,"16":0,"17":0},"b":{"0":[8,1],"1":[1,0],"2":[0,0],"3":[0,0,0],"4":[0,0],"5":[1,1],"6":[2,2],"7":[0,0,0,0,0,0,1,0],"8":[0,9],"9":[9,0],"10":[0,0],"11":[0,0],"12":[0,0],"13":[0,0],"14":[0,0],"15":[0,0],"16":[1,8],"17":[9,1],"18":[9,1]},"meta":{"lastBranch":19,"lastFunction":18,"lastStatement":63,"seen":{"s:8:30:8:Infinity":0,"f:10:16:10:29":0,"s:11:55:11:Infinity":1,"s:12:8:12:Infinity":2,"s:13:38:13:Infinity":3,"s:15:2:23:Infinity":4,"f:15:12:15:18":1,"b:16:4:16:Infinity:undefined:undefined:undefined:undefined":0,"s:16:4:16:Infinity":5,"s:16:22:16:Infinity":6,"s:17:4:19:Infinity":7,"f:17:36:17:42":2,"s:18:6:18:Infinity":8,"s:20:4:22:Infinity":9,"f:20:11:20:17":3,"b:21:6:21:Infinity:undefined:undefined:undefined:undefined":1,"s:21:6:21:Infinity":10,"s:21:30:21:Infinity":11,"s:25:8:27:Infinity":12,"f:25:34:25:35":4,"s:26:4:26:Infinity":13,"s:29:8:37:Infinity":14,"f:29:37:29:38":5,"b:30:4:36:Infinity:34:11:36:Infinity":2,"s:30:4:36:Infinity":15,"b:30:8:30:27:30:27:30:59:30:59:30:85":3,"s:31:6:33:Infinity":16,"f:31:29:31:35":6,"s:32:8:32:Infinity":17,"s:35:6:35:Infinity":18,"s:39:8:43:Infinity":19,"f:39:35:39:41":7,"b:40:4:42:Infinity:undefined:undefined:undefined:undefined":4,"s:40:4:42:Infinity":20,"s:41:6:41:Infinity":21,"s:45:8:86:Infinity":22,"f:46:4:46:5":8,"b:47:6:51:Infinity:undefined:undefined:undefined:undefined":5,"s:47:6:51:Infinity":23,"b:47:10:47:26:47:26:47:40":6,"s:48:8:48:Infinity":24,"s:49:8:49:Infinity":25,"s:50:8:50:Infinity":26,"b:53:8:56:Infinity:57:8:60:Infinity:61:8:64:Infinity:65:8:68:Infinity:69:8:72:Infinity:73:8:76:Infinity:77:8:80:Infinity:81:8:82:Infinity":7,"s:52:6:83:Infinity":27,"s:54:10:54:Infinity":28,"s:55:10:55:Infinity":29,"s:56:10:56:Infinity":30,"s:58:10:58:Infinity":31,"s:59:10:59:Infinity":32,"s:60:10:60:Infinity":33,"s:62:10:62:Infinity":34,"s:63:10:63:Infinity":35,"s:64:10:64:Infinity":36,"s:66:10:66:Infinity":37,"s:67:10:67:Infinity":38,"s:68:10:68:Infinity":39,"s:70:10:70:Infinity":40,"s:71:10:71:Infinity":41,"s:72:10:72:Infinity":42,"s:74:10:74:Infinity":43,"s:75:10:75:Infinity":44,"s:76:10:76:Infinity":45,"s:78:10:78:Infinity":46,"s:79:10:79:Infinity":47,"s:80:10:80:Infinity":48,"s:82:10:82:Infinity":49,"s:88:2:91:Infinity":50,"f:88:12:88:18":9,"s:89:4:89:Infinity":51,"s:90:4:90:Infinity":52,"f:90:11:90:17":10,"s:90:17:90:Infinity":53,"s:94:4:96:Infinity":54,"b:95:8:95:Infinity:96:8:96:Infinity":8,"b:94:4:94:23:94:23:94:Infinity":9,"b:95:62:95:68:95:68:95:263":10,"b:95:101:95:107:95:107:95:263":11,"b:95:140:95:146:95:146:95:263":12,"b:95:177:95:183:95:183:95:263":13,"b:95:213:95:220:95:220:95:263":14,"b:95:255:95:261:95:261:95:263":15,"s:98:2:137:Infinity":55,"b:100:106:100:124:100:124:100:126":16,"f:109:19:109:25":11,"s:109:25:109:Infinity":56,"b:116:7:116:Infinity:117:8:122:Infinity":17,"b:124:7:124:26:124:26:124:Infinity":18,"f:127:19:127:25":12,"s:127:25:127:Infinity":57,"f:128:17:128:23":13,"s:128:23:128:Infinity":58,"f:129:22:129:28":14,"s:129:28:129:Infinity":59,"f:130:22:130:28":15,"s:130:28:130:Infinity":60,"f:135:26:135:32":16,"s:135:32:135:Infinity":61,"f:135:48:135:49":17,"s:135:55:135:57":62}}}
,"C:\\Users\\jonat\\Documents\\code\\sezzle\\calculator-frontend\\src\\components\\Calculator\\Display.tsx": {"path":"C:\\Users\\jonat\\Documents\\code\\sezzle\\calculator-frontend\\src\\components\\Calculator\\Display.tsx","statementMap":{"0":{"start":{"line":9,"column":8},"end":{"line":9,"column":null}},"1":{"start":{"line":10,"column":21},"end":{"line":10,"column":null}},"2":{"start":{"line":12,"column":4},"end":{"line":12,"column":null}},"3":{"start":{"line":13,"column":2},"end":{"line":29,"column":null}}},"fnMap":{"0":{"name":"Display","decl":{"start":{"line":8,"column":16},"end":{"line":8,"column":24}},"loc":{"start":{"line":8,"column":59},"end":{"line":31,"column":null}},"line":8}},"branchMap":{"0":{"loc":{"start":{"line":12,"column":4},"end":{"line":12,"column":null}},"type":"cond-expr","locations":[{"start":{"line":12,"column":22},"end":{"line":12,"column":47}},{"start":{"line":12,"column":47},"end":{"line":12,"column":null}}],"line":12},"1":{"loc":{"start":{"line":19,"column":7},"end":{"line":22,"column":null}},"type":"binary-expr","locations":[{"start":{"line":19,"column":7},"end":{"line":19,"column":null}},{"start":{"line":20,"column":8},"end":{"line":22,"column":null}}],"line":19}},"s":{"0":12,"1":12,"2":12,"3":12},"f":{"0":12},"b":{"0":[0,12],"1":[12,1]},"meta":{"lastBranch":2,"lastFunction":1,"lastStatement":4,"seen":{"f:8:16:8:24":0,"s:9:8:9:Infinity":0,"s:10:21:10:Infinity":1,"s:12:4:12:Infinity":2,"b:12:22:12:47:12:47:12:Infinity":0,"s:13:2:29:Infinity":3,"b:19:7:19:Infinity:20:8:22:Infinity":1}}}
,"C:\\Users\\jonat\\Documents\\code\\sezzle\\calculator-frontend\\src\\components\\Calculator\\Keypad.tsx": {"path":"C:\\Users\\jonat\\Documents\\code\\sezzle\\calculator-frontend\\src\\components\\Calculator\\Keypad.tsx","statementMap":{"0":{"start":{"line":29,"column":2},"end":{"line":76,"column":null}},"1":{"start":{"line":35,"column":60},"end":{"line":35,"column":82}},"2":{"start":{"line":53,"column":55},"end":{"line":53,"column":78}},"3":{"start":{"line":56,"column":53},"end":{"line":56,"column":67}},"4":{"start":{"line":57,"column":53},"end":{"line":57,"column":67}},"5":{"start":{"line":58,"column":53},"end":{"line":58,"column":67}},"6":{"start":{"line":59,"column":55},"end":{"line":59,"column":80}},"7":{"start":{"line":61,"column":53},"end":{"line":61,"column":67}},"8":{"start":{"line":62,"column":53},"end":{"line":62,"column":67}},"9":{"start":{"line":63,"column":53},"end":{"line":63,"column":67}},"10":{"start":{"line":64,"column":55},"end":{"line":64,"column":80}},"11":{"start":{"line":66,"column":53},"end":{"line":66,"column":67}},"12":{"start":{"line":67,"column":53},"end":{"line":67,"column":67}},"13":{"start":{"line":68,"column":53},"end":{"line":68,"column":67}},"14":{"start":{"line":69,"column":55},"end":{"line":69,"column":75}},"15":{"start":{"line":73,"column":53},"end":{"line":73,"column":67}}},"fnMap":{"0":{"name":"Keypad","decl":{"start":{"line":17,"column":16},"end":{"line":17,"column":23}},"loc":{"start":{"line":28,"column":16},"end":{"line":78,"column":null}},"line":28},"1":{"name":"(anonymous_1)","decl":{"start":{"line":35,"column":54},"end":{"line":35,"column":60}},"loc":{"start":{"line":35,"column":60},"end":{"line":35,"column":82}},"line":35},"2":{"name":"(anonymous_2)","decl":{"start":{"line":53,"column":49},"end":{"line":53,"column":55}},"loc":{"start":{"line":53,"column":55},"end":{"line":53,"column":78}},"line":53},"3":{"name":"(anonymous_3)","decl":{"start":{"line":56,"column":47},"end":{"line":56,"column":53}},"loc":{"start":{"line":56,"column":53},"end":{"line":56,"column":67}},"line":56},"4":{"name":"(anonymous_4)","decl":{"start":{"line":57,"column":47},"end":{"line":57,"column":53}},"loc":{"start":{"line":57,"column":53},"end":{"line":57,"column":67}},"line":57},"5":{"name":"(anonymous_5)","decl":{"start":{"line":58,"column":47},"end":{"line":58,"column":53}},"loc":{"start":{"line":58,"column":53},"end":{"line":58,"column":67}},"line":58},"6":{"name":"(anonymous_6)","decl":{"start":{"line":59,"column":49},"end":{"line":59,"column":55}},"loc":{"start":{"line":59,"column":55},"end":{"line":59,"column":80}},"line":59},"7":{"name":"(anonymous_7)","decl":{"start":{"line":61,"column":47},"end":{"line":61,"column":53}},"loc":{"start":{"line":61,"column":53},"end":{"line":61,"column":67}},"line":61},"8":{"name":"(anonymous_8)","decl":{"start":{"line":62,"column":47},"end":{"line":62,"column":53}},"loc":{"start":{"line":62,"column":53},"end":{"line":62,"column":67}},"line":62},"9":{"name":"(anonymous_9)","decl":{"start":{"line":63,"column":47},"end":{"line":63,"column":53}},"loc":{"start":{"line":63,"column":53},"end":{"line":63,"column":67}},"line":63},"10":{"name":"(anonymous_10)","decl":{"start":{"line":64,"column":49},"end":{"line":64,"column":55}},"loc":{"start":{"line":64,"column":55},"end":{"line":64,"column":80}},"line":64},"11":{"name":"(anonymous_11)","decl":{"start":{"line":66,"column":47},"end":{"line":66,"column":53}},"loc":{"start":{"line":66,"column":53},"end":{"line":66,"column":67}},"line":66},"12":{"name":"(anonymous_12)","decl":{"start":{"line":67,"column":47},"end":{"line":67,"column":53}},"loc":{"start":{"line":67,"column":53},"end":{"line":67,"column":67}},"line":67},"13":{"name":"(anonymous_13)","decl":{"start":{"line":68,"column":47},"end":{"line":68,"column":53}},"loc":{"start":{"line":68,"column":53},"end":{"line":68,"column":67}},"line":68},"14":{"name":"(anonymous_14)","decl":{"start":{"line":69,"column":49},"end":{"line":69,"column":55}},"loc":{"start":{"line":69,"column":55},"end":{"line":69,"column":75}},"line":69},"15":{"name":"(anonymous_15)","decl":{"start":{"line":73,"column":47},"end":{"line":73,"column":53}},"loc":{"start":{"line":73,"column":53},"end":{"line":73,"column":67}},"line":73}},"branchMap":{"0":{"loc":{"start":{"line":26,"column":2},"end":{"line":26,"column":null}},"type":"default-arg","locations":[{"start":{"line":26,"column":17},"end":{"line":26,"column":null}}],"line":26},"1":{"loc":{"start":{"line":32,"column":7},"end":{"line":38,"column":null}},"type":"binary-expr","locations":[{"start":{"line":32,"column":7},"end":{"line":32,"column":23}},{"start":{"line":32,"column":23},"end":{"line":32,"column":null}},{"start":{"line":33,"column":8},"end":{"line":38,"column":null}}],"line":32},"2":{"loc":{"start":{"line":43,"column":7},"end":{"line":50,"column":null}},"type":"cond-expr","locations":[{"start":{"line":44,"column":8},"end":{"line":48,"column":null}},{"start":{"line":50,"column":8},"end":{"line":50,"column":null}}],"line":43},"3":{"loc":{"start":{"line":45,"column":17},"end":{"line":45,"column":null}},"type":"cond-expr","locations":[{"start":{"line":45,"column":32},"end":{"line":45,"column":38}},{"start":{"line":45,"column":38},"end":{"line":45,"column":null}}],"line":45}},"s":{"0":16,"1":1,"2":1,"3":1,"4":0,"5":0,"6":1,"7":0,"8":1,"9":0,"10":1,"11":0,"12":0,"13":0,"14":2,"15":0},"f":{"0":16,"1":1,"2":1,"3":1,"4":0,"5":0,"6":1,"7":0,"8":1,"9":0,"10":1,"11":0,"12":0,"13":0,"14":2,"15":0},"b":{"0":[16],"1":[16,1,1],"2":[9,7],"3":[0,9]},"meta":{"lastBranch":4,"lastFunction":16,"lastStatement":16,"seen":{"f:17:16:17:23":0,"b:26:17:26:Infinity":0,"s:29:2:76:Infinity":0,"b:32:7:32:23:32:23:32:Infinity:33:8:38:Infinity":1,"f:35:54:35:60":1,"s:35:60:35:82":1,"b:44:8:48:Infinity:50:8:50:Infinity":2,"b:45:32:45:38:45:38:45:Infinity":3,"f:53:49:53:55":2,"s:53:55:53:78":2,"f:56:47:56:53":3,"s:56:53:56:67":3,"f:57:47:57:53":4,"s:57:53:57:67":4,"f:58:47:58:53":5,"s:58:53:58:67":5,"f:59:49:59:55":6,"s:59:55:59:80":6,"f:61:47:61:53":7,"s:61:53:61:67":7,"f:62:47:62:53":8,"s:62:53:62:67":8,"f:63:47:63:53":9,"s:63:53:63:67":9,"f:64:49:64:55":10,"s:64:55:64:80":10,"f:66:47:66:53":11,"s:66:53:66:67":11,"f:67:47:67:53":12,"s:67:53:67:67":12,"f:68:47:68:53":13,"s:68:53:68:67":13,"f:69:49:69:55":14,"s:69:55:69:75":14,"f:73:47:73:53":15,"s:73:53:73:67":15}}}
,"C:\\Users\\jonat\\Documents\\code\\sezzle\\calculator-frontend\\src\\components\\ErrorBoundary\\ErrorBoundary.tsx": {"path":"C:\\Users\\jonat\\Documents\\code\\sezzle\\calculator-frontend\\src\\components\\ErrorBoundary\\ErrorBoundary.tsx","statementMap":{"0":{"start":{"line":14,"column":17},"end":{"line":14,"column":null}},"1":{"start":{"line":24,"column":16},"end":{"line":26,"column":null}},"2":{"start":{"line":17,"column":4},"end":{"line":17,"column":null}},"3":{"start":{"line":21,"column":4},"end":{"line":21,"column":null}},"4":{"start":{"line":25,"column":4},"end":{"line":25,"column":null}},"5":{"start":{"line":29,"column":4},"end":{"line":52,"column":null}},"6":{"start":{"line":30,"column":6},"end":{"line":32,"column":null}},"7":{"start":{"line":31,"column":8},"end":{"line":31,"column":null}},"8":{"start":{"line":33,"column":6},"end":{"line":50,"column":null}},"9":{"start":{"line":53,"column":4},"end":{"line":53,"column":null}}},"fnMap":{"0":{"name":"(anonymous_0)","decl":{"start":{"line":16,"column":9},"end":{"line":16,"column":34}},"loc":{"start":{"line":16,"column":55},"end":{"line":18,"column":null}},"line":16},"1":{"name":"(anonymous_1)","decl":{"start":{"line":20,"column":2},"end":{"line":20,"column":20}},"loc":{"start":{"line":20,"column":56},"end":{"line":22,"column":null}},"line":20},"2":{"name":"(anonymous_2)","decl":{"start":{"line":24,"column":16},"end":{"line":24,"column":22}},"loc":{"start":{"line":24,"column":22},"end":{"line":26,"column":null}},"line":24},"3":{"name":"(anonymous_3)","decl":{"start":{"line":28,"column":2},"end":{"line":28,"column":11}},"loc":{"start":{"line":28,"column":11},"end":{"line":54,"column":null}},"line":28}},"branchMap":{"0":{"loc":{"start":{"line":29,"column":4},"end":{"line":52,"column":null}},"type":"if","locations":[{"start":{"line":29,"column":4},"end":{"line":52,"column":null}},{"start":{},"end":{}}],"line":29},"1":{"loc":{"start":{"line":30,"column":6},"end":{"line":32,"column":null}},"type":"if","locations":[{"start":{"line":30,"column":6},"end":{"line":32,"column":null}},{"start":{},"end":{}}],"line":30},"2":{"loc":{"start":{"line":40,"column":15},"end":{"line":40,"column":null}},"type":"binary-expr","locations":[{"start":{"line":40,"column":15},"end":{"line":40,"column":44}},{"start":{"line":40,"column":44},"end":{"line":40,"column":null}}],"line":40}},"s":{"0":8,"1":0,"2":6,"3":3,"4":0,"5":14,"6":6,"7":2,"8":4,"9":8},"f":{"0":8,"1":3,"2":0,"3":14},"b":{"0":[6,8],"1":[2,4],"2":[4,0]},"meta":{"lastBranch":3,"lastFunction":4,"lastStatement":10,"seen":{"s:14:17:14:Infinity":0,"s:24:16:26:Infinity":1,"f:16:9:16:34":0,"s:17:4:17:Infinity":2,"f:20:2:20:20":1,"s:21:4:21:Infinity":3,"f:24:16:24:22":2,"s:25:4:25:Infinity":4,"f:28:2:28:11":3,"b:29:4:52:Infinity:undefined:undefined:undefined:undefined":0,"s:29:4:52:Infinity":5,"b:30:6:32:Infinity:undefined:undefined:undefined:undefined":1,"s:30:6:32:Infinity":6,"s:31:8:31:Infinity":7,"s:33:6:50:Infinity":8,"b:40:15:40:44:40:44:40:Infinity":2,"s:53:4:53:Infinity":9}}}
,"C:\\Users\\jonat\\Documents\\code\\sezzle\\calculator-frontend\\src\\components\\Loading\\Spinner.tsx": {"path":"C:\\Users\\jonat\\Documents\\code\\sezzle\\calculator-frontend\\src\\components\\Loading\\Spinner.tsx","statementMap":{"0":{"start":{"line":2,"column":2},"end":{"line":11,"column":null}}},"fnMap":{"0":{"name":"Spinner","decl":{"start":{"line":1,"column":16},"end":{"line":1,"column":26}},"loc":{"start":{"line":1,"column":26},"end":{"line":13,"column":null}},"line":1}},"branchMap":{},"s":{"0":2},"f":{"0":2},"b":{},"meta":{"lastBranch":0,"lastFunction":1,"lastStatement":1,"seen":{"f:1:16:1:26":0,"s:2:2:11:Infinity":0}}}
,"C:\\Users\\jonat\\Documents\\code\\sezzle\\calculator-frontend\\src\\hooks\\useApi.ts": {"path":"C:\\Users\\jonat\\Documents\\code\\sezzle\\calculator-frontend\\src\\hooks\\useApi.ts","statementMap":{"0":{"start":{"line":7,"column":8},"end":{"line":53,"column":null}},"1":{"start":{"line":12,"column":6},"end":{"line":50,"column":null}},"2":{"start":{"line":13,"column":8},"end":{"line":17,"column":null}},"3":{"start":{"line":14,"column":26},"end":{"line":14,"column":null}},"4":{"start":{"line":15,"column":27},"end":{"line":15,"column":null}},"5":{"start":{"line":16,"column":10},"end":{"line":16,"column":null}},"6":{"start":{"line":18,"column":25},"end":{"line":18,"column":null}},"7":{"start":{"line":19,"column":25},"end":{"line":19,"column":null}},"8":{"start":{"line":20,"column":8},"end":{"line":47,"column":null}},"9":{"start":{"line":22,"column":29},"end":{"line":22,"column":null}},"10":{"start":{"line":23,"column":12},"end":{"line":23,"column":null}},"11":{"start":{"line":26,"column":29},"end":{"line":26,"column":null}},"12":{"start":{"line":27,"column":12},"end":{"line":27,"column":null}},"13":{"start":{"line":30,"column":29},"end":{"line":30,"column":null}},"14":{"start":{"line":31,"column":12},"end":{"line":31,"column":null}},"15":{"start":{"line":34,"column":29},"end":{"line":34,"column":null}},"16":{"start":{"line":35,"column":12},"end":{"line":35,"column":null}},"17":{"start":{"line":38,"column":29},"end":{"line":38,"column":null}},"18":{"start":{"line":39,"column":12},"end":{"line":39,"column":null}},"19":{"start":{"line":42,"column":29},"end":{"line":42,"column":null}},"20":{"start":{"line":43,"column":12},"end":{"line":43,"column":null}},"21":{"start":{"line":46,"column":12},"end":{"line":46,"column":null}},"22":{"start":{"line":49,"column":8},"end":{"line":49,"column":null}},"23":{"start":{"line":55,"column":2},"end":{"line":55,"column":null}}},"fnMap":{"0":{"name":"useApi","decl":{"start":{"line":6,"column":16},"end":{"line":6,"column":25}},"loc":{"start":{"line":6,"column":25},"end":{"line":56,"column":null}},"line":6},"1":{"name":"(anonymous_1)","decl":{"start":{"line":8,"column":4},"end":{"line":8,"column":null}},"loc":{"start":{"line":11,"column":26},"end":{"line":51,"column":null}},"line":11}},"branchMap":{"0":{"loc":{"start":{"line":13,"column":8},"end":{"line":17,"column":null}},"type":"if","locations":[{"start":{"line":13,"column":8},"end":{"line":17,"column":null}},{"start":{},"end":{}}],"line":13},"1":{"loc":{"start":{"line":14,"column":26},"end":{"line":14,"column":null}},"type":"binary-expr","locations":[{"start":{"line":14,"column":26},"end":{"line":14,"column":46}},{"start":{"line":14,"column":46},"end":{"line":14,"column":null}}],"line":14},"2":{"loc":{"start":{"line":18,"column":25},"end":{"line":18,"column":null}},"type":"binary-expr","locations":[{"start":{"line":18,"column":25},"end":{"line":18,"column":46}},{"start":{"line":18,"column":46},"end":{"line":18,"column":null}}],"line":18},"3":{"loc":{"start":{"line":19,"column":25},"end":{"line":19,"column":null}},"type":"binary-expr","locations":[{"start":{"line":19,"column":25},"end":{"line":19,"column":46}},{"start":{"line":19,"column":46},"end":{"line":19,"column":null}}],"line":19},"4":{"loc":{"start":{"line":20,"column":8},"end":{"line":47,"column":null}},"type":"switch","locations":[{"start":{"line":21,"column":10},"end":{"line":24,"column":null}},{"start":{"line":25,"column":10},"end":{"line":28,"column":null}},{"start":{"line":29,"column":10},"end":{"line":32,"column":null}},{"start":{"line":33,"column":10},"end":{"line":36,"column":null}},{"start":{"line":37,"column":10},"end":{"line":40,"column":null}},{"start":{"line":41,"column":10},"end":{"line":44,"column":null}},{"start":{"line":45,"column":10},"end":{"line":46,"column":null}}],"line":20}},"s":{"0":7,"1":7,"2":7,"3":1,"4":1,"5":1,"6":6,"7":7,"8":7,"9":2,"10":1,"11":0,"12":0,"13":1,"14":1,"15":1,"16":1,"17":1,"18":1,"19":1,"20":1,"21":0,"22":1,"23":7},"f":{"0":7,"1":7},"b":{"0":[1,6],"1":[1,0],"2":[6,0],"3":[7,0],"4":[2,0,1,1,1,1,0]},"meta":{"lastBranch":5,"lastFunction":2,"lastStatement":24,"seen":{"f:6:16:6:25":0,"s:7:8:53:Infinity":0,"f:8:4:8:Infinity":1,"s:12:6:50:Infinity":1,"b:13:8:17:Infinity:undefined:undefined:undefined:undefined":0,"s:13:8:17:Infinity":2,"s:14:26:14:Infinity":3,"b:14:26:14:46:14:46:14:Infinity":1,"s:15:27:15:Infinity":4,"s:16:10:16:Infinity":5,"s:18:25:18:Infinity":6,"b:18:25:18:46:18:46:18:Infinity":2,"s:19:25:19:Infinity":7,"b:19:25:19:46:19:46:19:Infinity":3,"b:21:10:24:Infinity:25:10:28:Infinity:29:10:32:Infinity:33:10:36:Infinity:37:10:40:Infinity:41:10:44:Infinity:45:10:46:Infinity":4,"s:20:8:47:Infinity":8,"s:22:29:22:Infinity":9,"s:23:12:23:Infinity":10,"s:26:29:26:Infinity":11,"s:27:12:27:Infinity":12,"s:30:29:30:Infinity":13,"s:31:12:31:Infinity":14,"s:34:29:34:Infinity":15,"s:35:12:35:Infinity":16,"s:38:29:38:Infinity":17,"s:39:12:39:Infinity":18,"s:42:29:42:Infinity":19,"s:43:12:43:Infinity":20,"s:46:12:46:Infinity":21,"s:49:8:49:Infinity":22,"s:55:2:55:Infinity":23}}}
,"C:\\Users\\jonat\\Documents\\code\\sezzle\\calculator-frontend\\src\\hooks\\useCalculator.ts": {"path":"C:\\Users\\jonat\\Documents\\code\\sezzle\\calculator-frontend\\src\\hooks\\useCalculator.ts","statementMap":{"0":{"start":{"line":10,"column":19},"end":{"line":10,"column":null}},"1":{"start":{"line":11,"column":28},"end":{"line":11,"column":null}},"2":{"start":{"line":28,"column":2},"end":{"line":28,"column":null}},"3":{"start":{"line":32,"column":12},"end":{"line":32,"column":null}},"4":{"start":{"line":33,"column":2},"end":{"line":33,"column":null}},"5":{"start":{"line":36,"column":38},"end":{"line":44,"column":null}},"6":{"start":{"line":50,"column":2},"end":{"line":197,"column":null}},"7":{"start":{"line":52,"column":6},"end":{"line":52,"column":null}},"8":{"start":{"line":55,"column":6},"end":{"line":55,"column":null}},"9":{"start":{"line":58,"column":6},"end":{"line":62,"column":null}},"10":{"start":{"line":64,"column":21},"end":{"line":64,"column":null}},"11":{"start":{"line":65,"column":12},"end":{"line":65,"column":null}},"12":{"start":{"line":66,"column":6},"end":{"line":75,"column":null}},"13":{"start":{"line":78,"column":6},"end":{"line":78,"column":null}},"14":{"start":{"line":81,"column":6},"end":{"line":86,"column":null}},"15":{"start":{"line":82,"column":8},"end":{"line":85,"column":null}},"16":{"start":{"line":87,"column":20},"end":{"line":87,"column":null}},"17":{"start":{"line":89,"column":6},"end":{"line":99,"column":null}},"18":{"start":{"line":90,"column":8},"end":{"line":90,"column":null}},"19":{"start":{"line":92,"column":8},"end":{"line":98,"column":null}},"20":{"start":{"line":93,"column":10},"end":{"line":93,"column":null}},"21":{"start":{"line":94,"column":8},"end":{"line":98,"column":null}},"22":{"start":{"line":95,"column":10},"end":{"line":95,"column":null}},"23":{"start":{"line":97,"column":10},"end":{"line":97,"column":null}},"24":{"start":{"line":100,"column":6},"end":{"line":102,"column":null}},"25":{"start":{"line":101,"column":8},"end":{"line":101,"column":null}},"26":{"start":{"line":103,"column":6},"end":{"line":108,"column":null}},"27":{"start":{"line":112,"column":6},"end":{"line":117,"column":null}},"28":{"start":{"line":113,"column":8},"end":{"line":116,"column":null}},"29":{"start":{"line":119,"column":6},"end":{"line":127,"column":null}},"30":{"start":{"line":120,"column":8},"end":{"line":120,"column":null}},"31":{"start":{"line":121,"column":6},"end":{"line":127,"column":null}},"32":{"start":{"line":122,"column":8},"end":{"line":122,"column":null}},"33":{"start":{"line":123,"column":6},"end":{"line":127,"column":null}},"34":{"start":{"line":124,"column":8},"end":{"line":124,"column":null}},"35":{"start":{"line":126,"column":8},"end":{"line":126,"column":null}},"36":{"start":{"line":128,"column":6},"end":{"line":133,"column":null}},"37":{"start":{"line":137,"column":6},"end":{"line":137,"column":null}},"38":{"start":{"line":137,"column":23},"end":{"line":137,"column":null}},"39":{"start":{"line":138,"column":16},"end":{"line":138,"column":null}},"40":{"start":{"line":139,"column":25},"end":{"line":139,"column":null}},"41":{"start":{"line":140,"column":6},"end":{"line":144,"column":null}},"42":{"start":{"line":148,"column":6},"end":{"line":148,"column":null}},"43":{"start":{"line":148,"column":62},"end":{"line":148,"column":null}},"44":{"start":{"line":149,"column":33},"end":{"line":149,"column":null}},"45":{"start":{"line":150,"column":6},"end":{"line":152,"column":null}},"46":{"start":{"line":151,"column":8},"end":{"line":151,"column":null}},"47":{"start":{"line":153,"column":19},"end":{"line":153,"column":null}},"48":{"start":{"line":154,"column":25},"end":{"line":154,"column":null}},"49":{"start":{"line":155,"column":6},"end":{"line":160,"column":null}},"50":{"start":{"line":165,"column":6},"end":{"line":165,"column":null}},"51":{"start":{"line":165,"column":23},"end":{"line":165,"column":null}},"52":{"start":{"line":167,"column":8},"end":{"line":167,"column":null}},"53":{"start":{"line":168,"column":22},"end":{"line":168,"column":null}},"54":{"start":{"line":169,"column":6},"end":{"line":180,"column":null}},"55":{"start":{"line":174,"column":8},"end":{"line":179,"column":null}},"56":{"start":{"line":181,"column":6},"end":{"line":189,"column":null}},"57":{"start":{"line":193,"column":6},"end":{"line":193,"column":null}},"58":{"start":{"line":196,"column":6},"end":{"line":196,"column":null}},"59":{"start":{"line":201,"column":24},"end":{"line":201,"column":null}},"60":{"start":{"line":202,"column":27},"end":{"line":202,"column":null}},"61":{"start":{"line":204,"column":8},"end":{"line":250,"column":null}},"62":{"start":{"line":205,"column":15},"end":{"line":205,"column":null}},"63":{"start":{"line":206,"column":4},"end":{"line":206,"column":null}},"64":{"start":{"line":206,"column":13},"end":{"line":206,"column":null}},"65":{"start":{"line":207,"column":4},"end":{"line":207,"column":null}},"66":{"start":{"line":208,"column":20},"end":{"line":208,"column":null}},"67":{"start":{"line":209,"column":4},"end":{"line":228,"column":null}},"68":{"start":{"line":210,"column":6},"end":{"line":216,"column":null}},"69":{"start":{"line":211,"column":8},"end":{"line":214,"column":null}},"70":{"start":{"line":215,"column":8},"end":{"line":215,"column":null}},"71":{"start":{"line":217,"column":6},"end":{"line":217,"column":null}},"72":{"start":{"line":218,"column":6},"end":{"line":226,"column":null}},"73":{"start":{"line":219,"column":23},"end":{"line":219,"column":null}},"74":{"start":{"line":220,"column":8},"end":{"line":220,"column":null}},"75":{"start":{"line":222,"column":8},"end":{"line":225,"column":null}},"76":{"start":{"line":227,"column":6},"end":{"line":227,"column":null}},"77":{"start":{"line":229,"column":17},"end":{"line":229,"column":null}},"78":{"start":{"line":230,"column":4},"end":{"line":236,"column":null}},"79":{"start":{"line":231,"column":6},"end":{"line":234,"column":null}},"80":{"start":{"line":235,"column":6},"end":{"line":235,"column":null}},"81":{"start":{"line":237,"column":4},"end":{"line":237,"column":null}},"82":{"start":{"line":238,"column":4},"end":{"line":249,"column":null}},"83":{"start":{"line":239,"column":21},"end":{"line":242,"column":null}},"84":{"start":{"line":243,"column":6},"end":{"line":243,"column":null}},"85":{"start":{"line":245,"column":6},"end":{"line":248,"column":null}},"86":{"start":{"line":252,"column":8},"end":{"line":272,"column":null}},"87":{"start":{"line":253,"column":4},"end":{"line":253,"column":null}},"88":{"start":{"line":254,"column":20},"end":{"line":254,"column":null}},"89":{"start":{"line":255,"column":4},"end":{"line":261,"column":null}},"90":{"start":{"line":256,"column":6},"end":{"line":259,"column":null}},"91":{"start":{"line":260,"column":6},"end":{"line":260,"column":null}},"92":{"start":{"line":262,"column":4},"end":{"line":262,"column":null}},"93":{"start":{"line":263,"column":4},"end":{"line":271,"column":null}},"94":{"start":{"line":264,"column":21},"end":{"line":264,"column":null}},"95":{"start":{"line":265,"column":6},"end":{"line":265,"column":null}},"96":{"start":{"line":267,"column":6},"end":{"line":270,"column":null}},"97":{"start":{"line":274,"column":2},"end":{"line":274,"column":null}}},"fnMap":{"0":{"name":"digitCount","decl":{"start":{"line":27,"column":9},"end":{"line":27,"column":20}},"loc":{"start":{"line":27,"column":45},"end":{"line":29,"column":null}},"line":27},"1":{"name":"parseDisplay","decl":{"start":{"line":31,"column":9},"end":{"line":31,"column":22}},"loc":{"start":{"line":31,"column":47},"end":{"line":34,"column":null}},"line":31},"2":{"name":"calculatorReducer","decl":{"start":{"line":46,"column":16},"end":{"line":46,"column":null}},"loc":{"start":{"line":49,"column":19},"end":{"line":198,"column":null}},"line":49},"3":{"name":"useCalculator","decl":{"start":{"line":200,"column":16},"end":{"line":200,"column":32}},"loc":{"start":{"line":200,"column":32},"end":{"line":275,"column":null}},"line":200},"4":{"name":"(anonymous_4)","decl":{"start":{"line":204,"column":38},"end":{"line":204,"column":50}},"loc":{"start":{"line":204,"column":50},"end":{"line":250,"column":5}},"line":204},"5":{"name":"(anonymous_5)","decl":{"start":{"line":252,"column":33},"end":{"line":252,"column":45}},"loc":{"start":{"line":252,"column":45},"end":{"line":272,"column":5}},"line":252}},"branchMap":{"0":{"loc":{"start":{"line":33,"column":9},"end":{"line":33,"column":null}},"type":"cond-expr","locations":[{"start":{"line":33,"column":27},"end":{"line":33,"column":31}},{"start":{"line":33,"column":31},"end":{"line":33,"column":null}}],"line":33},"1":{"loc":{"start":{"line":50,"column":2},"end":{"line":197,"column":null}},"type":"switch","locations":[{"start":{"line":51,"column":4},"end":{"line":52,"column":null}},{"start":{"line":54,"column":4},"end":{"line":55,"column":null}},{"start":{"line":57,"column":4},"end":{"line":62,"column":null}},{"start":{"line":63,"column":4},"end":{"line":76,"column":null}},{"start":{"line":77,"column":4},"end":{"line":78,"column":null}},{"start":{"line":80,"column":4},"end":{"line":109,"column":null}},{"start":{"line":111,"column":4},"end":{"line":134,"column":null}},{"start":{"line":136,"column":4},"end":{"line":145,"column":null}},{"start":{"line":147,"column":4},"end":{"line":161,"column":null}},{"start":{"line":163,"column":4},"end":{"line":163,"column":null}},{"start":{"line":164,"column":4},"end":{"line":190,"column":null}},{"start":{"line":192,"column":4},"end":{"line":193,"column":null}},{"start":{"line":195,"column":4},"end":{"line":196,"column":null}}],"line":50},"2":{"loc":{"start":{"line":81,"column":6},"end":{"line":86,"column":null}},"type":"if","locations":[{"start":{"line":81,"column":6},"end":{"line":86,"column":null}},{"start":{},"end":{}}],"line":81},"3":{"loc":{"start":{"line":89,"column":6},"end":{"line":99,"column":null}},"type":"if","locations":[{"start":{"line":89,"column":6},"end":{"line":99,"column":null}},{"start":{"line":91,"column":13},"end":{"line":99,"column":null}}],"line":89},"4":{"loc":{"start":{"line":90,"column":21},"end":{"line":90,"column":null}},"type":"cond-expr","locations":[{"start":{"line":90,"column":37},"end":{"line":90,"column":43}},{"start":{"line":90,"column":43},"end":{"line":90,"column":null}}],"line":90},"5":{"loc":{"start":{"line":92,"column":8},"end":{"line":98,"column":null}},"type":"if","locations":[{"start":{"line":92,"column":8},"end":{"line":98,"column":null}},{"start":{"line":94,"column":8},"end":{"line":98,"column":null}}],"line":92},"6":{"loc":{"start":{"line":92,"column":12},"end":{"line":92,"column":52}},"type":"binary-expr","locations":[{"start":{"line":92,"column":12},"end":{"line":92,"column":37}},{"start":{"line":92,"column":37},"end":{"line":92,"column":52}}],"line":92},"7":{"loc":{"start":{"line":94,"column":8},"end":{"line":98,"column":null}},"type":"if","locations":[{"start":{"line":94,"column":8},"end":{"line":98,"column":null}},{"start":{"line":96,"column":15},"end":{"line":98,"column":null}}],"line":94},"8":{"loc":{"start":{"line":94,"column":19},"end":{"line":94,"column":59}},"type":"binary-expr","locations":[{"start":{"line":94,"column":19},"end":{"line":94,"column":44}},{"start":{"line":94,"column":44},"end":{"line":94,"column":59}}],"line":94},"9":{"loc":{"start":{"line":100,"column":6},"end":{"line":102,"column":null}},"type":"if","locations":[{"start":{"line":100,"column":6},"end":{"line":102,"column":null}},{"start":{},"end":{}}],"line":100},"10":{"loc":{"start":{"line":112,"column":6},"end":{"line":117,"column":null}},"type":"if","locations":[{"start":{"line":112,"column":6},"end":{"line":117,"column":null}},{"start":{},"end":{}}],"line":112},"11":{"loc":{"start":{"line":119,"column":6},"end":{"line":127,"column":null}},"type":"if","locations":[{"start":{"line":119,"column":6},"end":{"line":127,"column":null}},{"start":{"line":121,"column":6},"end":{"line":127,"column":null}}],"line":119},"12":{"loc":{"start":{"line":121,"column":6},"end":{"line":127,"column":null}},"type":"if","locations":[{"start":{"line":121,"column":6},"end":{"line":127,"column":null}},{"start":{"line":123,"column":6},"end":{"line":127,"column":null}}],"line":121},"13":{"loc":{"start":{"line":123,"column":6},"end":{"line":127,"column":null}},"type":"if","locations":[{"start":{"line":123,"column":6},"end":{"line":127,"column":null}},{"start":{"line":125,"column":13},"end":{"line":127,"column":null}}],"line":123},"14":{"loc":{"start":{"line":137,"column":6},"end":{"line":137,"column":null}},"type":"if","locations":[{"start":{"line":137,"column":6},"end":{"line":137,"column":null}},{"start":{},"end":{}}],"line":137},"15":{"loc":{"start":{"line":139,"column":25},"end":{"line":139,"column":null}},"type":"cond-expr","locations":[{"start":{"line":139,"column":35},"end":{"line":139,"column":41}},{"start":{"line":139,"column":41},"end":{"line":139,"column":null}}],"line":139},"16":{"loc":{"start":{"line":148,"column":6},"end":{"line":148,"column":null}},"type":"if","locations":[{"start":{"line":148,"column":6},"end":{"line":148,"column":null}},{"start":{},"end":{}}],"line":148},"17":{"loc":{"start":{"line":148,"column":10},"end":{"line":148,"column":62}},"type":"binary-expr","locations":[{"start":{"line":148,"column":10},"end":{"line":148,"column":25}},{"start":{"line":148,"column":25},"end":{"line":148,"column":62}}],"line":148},"18":{"loc":{"start":{"line":150,"column":6},"end":{"line":152,"column":null}},"type":"if","locations":[{"start":{"line":150,"column":6},"end":{"line":152,"column":null}},{"start":{},"end":{}}],"line":150},"19":{"loc":{"start":{"line":150,"column":10},"end":{"line":150,"column":62}},"type":"binary-expr","locations":[{"start":{"line":150,"column":10},"end":{"line":150,"column":35}},{"start":{"line":150,"column":35},"end":{"line":150,"column":62}}],"line":150},"20":{"loc":{"start":{"line":151,"column":65},"end":{"line":151,"column":105}},"type":"cond-expr","locations":[{"start":{"line":151,"column":86},"end":{"line":151,"column":93}},{"start":{"line":151,"column":93},"end":{"line":151,"column":105}}],"line":151},"21":{"loc":{"start":{"line":154,"column":25},"end":{"line":154,"column":null}},"type":"cond-expr","locations":[{"start":{"line":154,"column":55},"end":{"line":154,"column":61}},{"start":{"line":154,"column":61},"end":{"line":154,"column":null}}],"line":154},"22":{"loc":{"start":{"line":154,"column":25},"end":{"line":154,"column":55}},"type":"binary-expr","locations":[{"start":{"line":154,"column":25},"end":{"line":154,"column":40}},{"start":{"line":154,"column":40},"end":{"line":154,"column":55}}],"line":154},"23":{"loc":{"start":{"line":159,"column":15},"end":{"line":159,"column":null}},"type":"cond-expr","locations":[{"start":{"line":159,"column":36},"end":{"line":159,"column":43}},{"start":{"line":159,"column":43},"end":{"line":159,"column":null}}],"line":159},"24":{"loc":{"start":{"line":165,"column":6},"end":{"line":165,"column":null}},"type":"if","locations":[{"start":{"line":165,"column":6},"end":{"line":165,"column":null}},{"start":{},"end":{}}],"line":165},"25":{"loc":{"start":{"line":167,"column":8},"end":{"line":167,"column":null}},"type":"cond-expr","locations":[{"start":{"line":167,"column":39},"end":{"line":167,"column":54}},{"start":{"line":167,"column":54},"end":{"line":167,"column":null}}],"line":167},"26":{"loc":{"start":{"line":169,"column":6},"end":{"line":180,"column":null}},"type":"if","locations":[{"start":{"line":169,"column":6},"end":{"line":180,"column":null}},{"start":{},"end":{}}],"line":169},"27":{"loc":{"start":{"line":170,"column":8},"end":{"line":172,"column":null}},"type":"binary-expr","locations":[{"start":{"line":170,"column":8},"end":{"line":170,"column":null}},{"start":{"line":171,"column":8},"end":{"line":171,"column":null}},{"start":{"line":172,"column":8},"end":{"line":172,"column":null}}],"line":170},"28":{"loc":{"start":{"line":184,"column":10},"end":{"line":186,"column":null}},"type":"cond-expr","locations":[{"start":{"line":185,"column":14},"end":{"line":185,"column":null}},{"start":{"line":186,"column":14},"end":{"line":186,"column":null}}],"line":184},"29":{"loc":{"start":{"line":184,"column":10},"end":{"line":184,"column":null}},"type":"binary-expr","locations":[{"start":{"line":184,"column":10},"end":{"line":184,"column":37}},{"start":{"line":184,"column":37},"end":{"line":184,"column":null}}],"line":184},"30":{"loc":{"start":{"line":206,"column":4},"end":{"line":206,"column":null}},"type":"if","locations":[{"start":{"line":206,"column":4},"end":{"line":206,"column":null}},{"start":{},"end":{}}],"line":206},"31":{"loc":{"start":{"line":209,"column":4},"end":{"line":228,"column":null}},"type":"if","locations":[{"start":{"line":209,"column":4},"end":{"line":228,"column":null}},{"start":{},"end":{}}],"line":209},"32":{"loc":{"start":{"line":210,"column":6},"end":{"line":216,"column":null}},"type":"if","locations":[{"start":{"line":210,"column":6},"end":{"line":216,"column":null}},{"start":{},"end":{}}],"line":210},"33":{"loc":{"start":{"line":224,"column":19},"end":{"line":224,"column":null}},"type":"cond-expr","locations":[{"start":{"line":224,"column":42},"end":{"line":224,"column":56}},{"start":{"line":224,"column":56},"end":{"line":224,"column":null}}],"line":224},"34":{"loc":{"start":{"line":229,"column":17},"end":{"line":229,"column":null}},"type":"binary-expr","locations":[{"start":{"line":229,"column":17},"end":{"line":229,"column":40}},{"start":{"line":229,"column":40},"end":{"line":229,"column":null}}],"line":229},"35":{"loc":{"start":{"line":230,"column":4},"end":{"line":236,"column":null}},"type":"if","locations":[{"start":{"line":230,"column":4},"end":{"line":236,"column":null}},{"start":{},"end":{}}],"line":230},"36":{"loc":{"start":{"line":230,"column":8},"end":{"line":230,"column":54}},"type":"binary-expr","locations":[{"start":{"line":230,"column":8},"end":{"line":230,"column":27}},{"start":{"line":230,"column":15},"end":{"line":230,"column":54}}],"line":230},"37":{"loc":{"start":{"line":247,"column":17},"end":{"line":247,"column":null}},"type":"cond-expr","locations":[{"start":{"line":247,"column":40},"end":{"line":247,"column":54}},{"start":{"line":247,"column":54},"end":{"line":247,"column":null}}],"line":247},"38":{"loc":{"start":{"line":255,"column":4},"end":{"line":261,"column":null}},"type":"if","locations":[{"start":{"line":255,"column":4},"end":{"line":261,"column":null}},{"start":{},"end":{}}],"line":255},"39":{"loc":{"start":{"line":269,"column":17},"end":{"line":269,"column":null}},"type":"cond-expr","locations":[{"start":{"line":269,"column":40},"end":{"line":269,"column":54}},{"start":{"line":269,"column":54},"end":{"line":269,"column":null}}],"line":269}},"s":{"0":1,"1":1,"2":90,"3":101,"4":101,"5":1,"6":121,"7":5,"8":4,"9":4,"10":3,"11":3,"12":3,"13":1,"14":86,"15":0,"16":86,"17":86,"18":4,"19":82,"20":18,"21":64,"22":0,"23":64,"24":86,"25":3,"26":83,"27":5,"28":0,"29":5,"30":0,"31":5,"32":1,"33":4,"34":1,"35":3,"36":3,"37":3,"38":1,"39":2,"40":2,"41":3,"42":2,"43":1,"44":1,"45":1,"46":0,"47":1,"48":1,"49":2,"50":7,"51":0,"52":7,"53":7,"54":7,"55":1,"56":6,"57":1,"58":0,"59":133,"60":133,"61":133,"62":4,"63":4,"64":0,"65":4,"66":4,"67":4,"68":0,"69":0,"70":0,"71":0,"72":0,"73":0,"74":0,"75":0,"76":0,"77":4,"78":4,"79":1,"80":1,"81":3,"82":3,"83":3,"84":2,"85":1,"86":133,"87":1,"88":1,"89":1,"90":0,"91":0,"92":1,"93":1,"94":1,"95":1,"96":0,"97":133},"f":{"0":90,"1":101,"2":121,"3":133,"4":4,"5":1},"b":{"0":[0,101],"1":[5,4,4,3,1,86,5,3,2,5,7,1,0],"2":[0,86],"3":[4,82],"4":[1,3],"5":[18,64],"6":[82,18],"7":[0,64],"8":[64,0],"9":[3,83],"10":[0,5],"11":[0,5],"12":[1,4],"13":[1,3],"14":[1,2],"15":[1,1],"16":[1,1],"17":[2,2],"18":[0,1],"19":[1,1],"20":[0,0],"21":[0,1],"22":[1,1],"23":[1,0],"24":[0,7],"25":[2,5],"26":[1,6],"27":[7,1,1],"28":[0,6],"29":[6,0],"30":[0,4],"31":[0,4],"32":[0,0],"33":[0,0],"34":[4,0],"35":[1,3],"36":[4,1],"37":[1,0],"38":[0,1],"39":[0,0]},"meta":{"lastBranch":40,"lastFunction":6,"lastStatement":98,"seen":{"s:10:19:10:Infinity":0,"s:11:28:11:Infinity":1,"f:27:9:27:20":0,"s:28:2:28:Infinity":2,"f:31:9:31:22":1,"s:32:12:32:Infinity":3,"s:33:2:33:Infinity":4,"b:33:27:33:31:33:31:33:Infinity":0,"s:36:38:44:Infinity":5,"f:46:16:46:Infinity":2,"b:51:4:52:Infinity:54:4:55:Infinity:57:4:62:Infinity:63:4:76:Infinity:77:4:78:Infinity:80:4:109:Infinity:111:4:134:Infinity:136:4:145:Infinity:147:4:161:Infinity:163:4:163:Infinity:164:4:190:Infinity:192:4:193:Infinity:195:4:196:Infinity":1,"s:50:2:197:Infinity":6,"s:52:6:52:Infinity":7,"s:55:6:55:Infinity":8,"s:58:6:62:Infinity":9,"s:64:21:64:Infinity":10,"s:65:12:65:Infinity":11,"s:66:6:75:Infinity":12,"s:78:6:78:Infinity":13,"b:81:6:86:Infinity:undefined:undefined:undefined:undefined":2,"s:81:6:86:Infinity":14,"s:82:8:85:Infinity":15,"s:87:20:87:Infinity":16,"b:89:6:99:Infinity:91:13:99:Infinity":3,"s:89:6:99:Infinity":17,"s:90:8:90:Infinity":18,"b:90:37:90:43:90:43:90:Infinity":4,"b:92:8:98:Infinity:94:8:98:Infinity":5,"s:92:8:98:Infinity":19,"b:92:12:92:37:92:37:92:52":6,"s:93:10:93:Infinity":20,"b:94:8:98:Infinity:96:15:98:Infinity":7,"s:94:8:98:Infinity":21,"b:94:19:94:44:94:44:94:59":8,"s:95:10:95:Infinity":22,"s:97:10:97:Infinity":23,"b:100:6:102:Infinity:undefined:undefined:undefined:undefined":9,"s:100:6:102:Infinity":24,"s:101:8:101:Infinity":25,"s:103:6:108:Infinity":26,"b:112:6:117:Infinity:undefined:undefined:undefined:undefined":10,"s:112:6:117:Infinity":27,"s:113:8:116:Infinity":28,"b:119:6:127:Infinity:121:6:127:Infinity":11,"s:119:6:127:Infinity":29,"s:120:8:120:Infinity":30,"b:121:6:127:Infinity:123:6:127:Infinity":12,"s:121:6:127:Infinity":31,"s:122:8:122:Infinity":32,"b:123:6:127:Infinity:125:13:127:Infinity":13,"s:123:6:127:Infinity":33,"s:124:8:124:Infinity":34,"s:126:8:126:Infinity":35,"s:128:6:133:Infinity":36,"b:137:6:137:Infinity:undefined:undefined:undefined:undefined":14,"s:137:6:137:Infinity":37,"s:137:23:137:Infinity":38,"s:138:16:138:Infinity":39,"s:139:25:139:Infinity":40,"b:139:35:139:41:139:41:139:Infinity":15,"s:140:6:144:Infinity":41,"b:148:6:148:Infinity:undefined:undefined:undefined:undefined":16,"s:148:6:148:Infinity":42,"b:148:10:148:25:148:25:148:62":17,"s:148:62:148:Infinity":43,"s:149:33:149:Infinity":44,"b:150:6:152:Infinity:undefined:undefined:undefined:undefined":18,"s:150:6:152:Infinity":45,"b:150:10:150:35:150:35:150:62":19,"s:151:8:151:Infinity":46,"b:151:86:151:93:151:93:151:105":20,"s:153:19:153:Infinity":47,"s:154:25:154:Infinity":48,"b:154:55:154:61:154:61:154:Infinity":21,"b:154:25:154:40:154:40:154:55":22,"s:155:6:160:Infinity":49,"b:159:36:159:43:159:43:159:Infinity":23,"b:165:6:165:Infinity:undefined:undefined:undefined:undefined":24,"s:165:6:165:Infinity":50,"s:165:23:165:Infinity":51,"s:167:8:167:Infinity":52,"b:167:39:167:54:167:54:167:Infinity":25,"s:168:22:168:Infinity":53,"b:169:6:180:Infinity:undefined:undefined:undefined:undefined":26,"s:169:6:180:Infinity":54,"b:170:8:170:Infinity:171:8:171:Infinity:172:8:172:Infinity":27,"s:174:8:179:Infinity":55,"s:181:6:189:Infinity":56,"b:185:14:185:Infinity:186:14:186:Infinity":28,"b:184:10:184:37:184:37:184:Infinity":29,"s:193:6:193:Infinity":57,"s:196:6:196:Infinity":58,"f:200:16:200:32":3,"s:201:24:201:Infinity":59,"s:202:27:202:Infinity":60,"s:204:8:250:Infinity":61,"f:204:38:204:50":4,"s:205:15:205:Infinity":62,"b:206:4:206:Infinity:undefined:undefined:undefined:undefined":30,"s:206:4:206:Infinity":63,"s:206:13:206:Infinity":64,"s:207:4:207:Infinity":65,"s:208:20:208:Infinity":66,"b:209:4:228:Infinity:undefined:undefined:undefined:undefined":31,"s:209:4:228:Infinity":67,"b:210:6:216:Infinity:undefined:undefined:undefined:undefined":32,"s:210:6:216:Infinity":68,"s:211:8:214:Infinity":69,"s:215:8:215:Infinity":70,"s:217:6:217:Infinity":71,"s:218:6:226:Infinity":72,"s:219:23:219:Infinity":73,"s:220:8:220:Infinity":74,"s:222:8:225:Infinity":75,"b:224:42:224:56:224:56:224:Infinity":33,"s:227:6:227:Infinity":76,"s:229:17:229:Infinity":77,"b:229:17:229:40:229:40:229:Infinity":34,"b:230:4:236:Infinity:undefined:undefined:undefined:undefined":35,"s:230:4:236:Infinity":78,"b:230:8:230:27:230:15:230:54":36,"s:231:6:234:Infinity":79,"s:235:6:235:Infinity":80,"s:237:4:237:Infinity":81,"s:238:4:249:Infinity":82,"s:239:21:242:Infinity":83,"s:243:6:243:Infinity":84,"s:245:6:248:Infinity":85,"b:247:40:247:54:247:54:247:Infinity":37,"s:252:8:272:Infinity":86,"f:252:33:252:45":5,"s:253:4:253:Infinity":87,"s:254:20:254:Infinity":88,"b:255:4:261:Infinity:undefined:undefined:undefined:undefined":38,"s:255:4:261:Infinity":89,"s:256:6:259:Infinity":90,"s:260:6:260:Infinity":91,"s:262:4:262:Infinity":92,"s:263:4:271:Infinity":93,"s:264:21:264:Infinity":94,"s:265:6:265:Infinity":95,"s:267:6:270:Infinity":96,"b:269:40:269:54:269:54:269:Infinity":39,"s:274:2:274:Infinity":97}}}
,"C:\\Users\\jonat\\Documents\\code\\sezzle\\calculator-frontend\\src\\services\\calculatorApi.ts": {"path":"C:\\Users\\jonat\\Documents\\code\\sezzle\\calculator-frontend\\src\\services\\calculatorApi.ts","statementMap":{"0":{"start":{"line":5,"column":2},"end":{"line":5,"column":null}},"1":{"start":{"line":7,"column":18},"end":{"line":11,"column":null}},"2":{"start":{"line":13,"column":29},"end":{"line":37,"column":null}},"3":{"start":{"line":15,"column":4},"end":{"line":15,"column":null}},"4":{"start":{"line":18,"column":4},"end":{"line":18,"column":null}},"5":{"start":{"line":21,"column":4},"end":{"line":21,"column":null}},"6":{"start":{"line":24,"column":4},"end":{"line":24,"column":null}},"7":{"start":{"line":27,"column":4},"end":{"line":27,"column":null}},"8":{"start":{"line":30,"column":4},"end":{"line":30,"column":null}},"9":{"start":{"line":33,"column":4},"end":{"line":36,"column":null}}},"fnMap":{"0":{"name":"(anonymous_0)","decl":{"start":{"line":14,"column":7},"end":{"line":14,"column":8}},"loc":{"start":{"line":15,"column":4},"end":{"line":15,"column":null}},"line":15},"1":{"name":"(anonymous_1)","decl":{"start":{"line":17,"column":12},"end":{"line":17,"column":13}},"loc":{"start":{"line":18,"column":4},"end":{"line":18,"column":null}},"line":18},"2":{"name":"(anonymous_2)","decl":{"start":{"line":20,"column":12},"end":{"line":20,"column":13}},"loc":{"start":{"line":21,"column":4},"end":{"line":21,"column":null}},"line":21},"3":{"name":"(anonymous_3)","decl":{"start":{"line":23,"column":10},"end":{"line":23,"column":11}},"loc":{"start":{"line":24,"column":4},"end":{"line":24,"column":null}},"line":24},"4":{"name":"(anonymous_4)","decl":{"start":{"line":26,"column":9},"end":{"line":26,"column":10}},"loc":{"start":{"line":27,"column":4},"end":{"line":27,"column":null}},"line":27},"5":{"name":"(anonymous_5)","decl":{"start":{"line":29,"column":8},"end":{"line":29,"column":9}},"loc":{"start":{"line":30,"column":4},"end":{"line":30,"column":null}},"line":30},"6":{"name":"(anonymous_6)","decl":{"start":{"line":32,"column":14},"end":{"line":32,"column":15}},"loc":{"start":{"line":33,"column":4},"end":{"line":36,"column":null}},"line":33}},"branchMap":{"0":{"loc":{"start":{"line":5,"column":2},"end":{"line":5,"column":null}},"type":"binary-expr","locations":[{"start":{"line":5,"column":2},"end":{"line":5,"column":34}},{"start":{"line":5,"column":34},"end":{"line":5,"column":null}}],"line":5}},"s":{"0":1,"1":1,"2":1,"3":3,"4":1,"5":1,"6":1,"7":1,"8":1,"9":1},"f":{"0":3,"1":1,"2":1,"3":1,"4":1,"5":1,"6":1},"b":{"0":[1,1]},"meta":{"lastBranch":1,"lastFunction":7,"lastStatement":10,"seen":{"s:5:2:5:Infinity":0,"b:5:2:5:34:5:34:5:Infinity":0,"s:7:18:11:Infinity":1,"s:13:29:37:Infinity":2,"f:14:7:14:8":0,"s:15:4:15:Infinity":3,"f:17:12:17:13":1,"s:18:4:18:Infinity":4,"f:20:12:20:13":2,"s:21:4:21:Infinity":5,"f:23:10:23:11":3,"s:24:4:24:Infinity":6,"f:26:9:26:10":4,"s:27:4:27:Infinity":7,"f:29:8:29:9":5,"s:30:4:30:Infinity":8,"f:32:14:32:15":6,"s:33:4:36:Infinity":9}}}
,"C:\\Users\\jonat\\Documents\\code\\sezzle\\calculator-frontend\\src\\utils\\errorMessages.ts": {"path":"C:\\Users\\jonat\\Documents\\code\\sezzle\\calculator-frontend\\src\\utils\\errorMessages.ts","statementMap":{"0":{"start":{"line":3,"column":47},"end":{"line":10,"column":null}},"1":{"start":{"line":16,"column":2},"end":{"line":25,"column":null}},"2":{"start":{"line":17,"column":23},"end":{"line":17,"column":null}},"3":{"start":{"line":18,"column":17},"end":{"line":18,"column":null}},"4":{"start":{"line":19,"column":4},"end":{"line":21,"column":null}},"5":{"start":{"line":20,"column":6},"end":{"line":20,"column":null}},"6":{"start":{"line":22,"column":4},"end":{"line":24,"column":null}},"7":{"start":{"line":23,"column":6},"end":{"line":23,"column":null}},"8":{"start":{"line":26,"column":2},"end":{"line":31,"column":null}},"9":{"start":{"line":27,"column":4},"end":{"line":29,"column":null}},"10":{"start":{"line":28,"column":6},"end":{"line":28,"column":null}},"11":{"start":{"line":30,"column":4},"end":{"line":30,"column":null}},"12":{"start":{"line":32,"column":2},"end":{"line":32,"column":null}}},"fnMap":{"0":{"name":"getUserFriendlyErrorMessage","decl":{"start":{"line":12,"column":16},"end":{"line":12,"column":null}},"loc":{"start":{"line":15,"column":10},"end":{"line":33,"column":null}},"line":15}},"branchMap":{"0":{"loc":{"start":{"line":14,"column":2},"end":{"line":14,"column":null}},"type":"default-arg","locations":[{"start":{"line":14,"column":19},"end":{"line":14,"column":null}}],"line":14},"1":{"loc":{"start":{"line":16,"column":2},"end":{"line":25,"column":null}},"type":"if","locations":[{"start":{"line":16,"column":2},"end":{"line":25,"column":null}},{"start":{},"end":{}}],"line":16},"2":{"loc":{"start":{"line":16,"column":6},"end":{"line":16,"column":74}},"type":"binary-expr","locations":[{"start":{"line":16,"column":6},"end":{"line":16,"column":35}},{"start":{"line":16,"column":35},"end":{"line":16,"column":53}},{"start":{"line":16,"column":53},"end":{"line":16,"column":74}}],"line":16},"3":{"loc":{"start":{"line":19,"column":4},"end":{"line":21,"column":null}},"type":"if","locations":[{"start":{"line":19,"column":4},"end":{"line":21,"column":null}},{"start":{},"end":{}}],"line":19},"4":{"loc":{"start":{"line":19,"column":8},"end":{"line":19,"column":59}},"type":"binary-expr","locations":[{"start":{"line":19,"column":8},"end":{"line":19,"column":27}},{"start":{"line":19,"column":27},"end":{"line":19,"column":59}}],"line":19},"5":{"loc":{"start":{"line":22,"column":4},"end":{"line":24,"column":null}},"type":"if","locations":[{"start":{"line":22,"column":4},"end":{"line":24,"column":null}},{"start":{},"end":{}}],"line":22},"6":{"loc":{"start":{"line":26,"column":2},"end":{"line":31,"column":null}},"type":"if","locations":[{"start":{"line":26,"column":2},"end":{"line":31,"column":null}},{"start":{},"end":{}}],"line":26},"7":{"loc":{"start":{"line":27,"column":4},"end":{"line":29,"column":null}},"type":"if","locations":[{"start":{"line":27,"column":4},"end":{"line":29,"column":null}},{"start":{},"end":{}}],"line":27},"8":{"loc":{"start":{"line":27,"column":8},"end":{"line":27,"column":80}},"type":"binary-expr","locations":[{"start":{"line":27,"column":8},"end":{"line":27,"column":45}},{"start":{"line":27,"column":45},"end":{"line":27,"column":80}}],"line":27}},"s":{"0":2,"1":5,"2":3,"3":3,"4":3,"5":3,"6":0,"7":0,"8":2,"9":1,"10":1,"11":0,"12":1},"f":{"0":5},"b":{"0":[5],"1":[3,2],"2":[5,5,5],"3":[3,0],"4":[3,3],"5":[0,0],"6":[1,1],"7":[1,0],"8":[1,1]},"meta":{"lastBranch":9,"lastFunction":1,"lastStatement":13,"seen":{"s:3:47:10:Infinity":0,"f:12:16:12:Infinity":0,"b:14:19:14:Infinity":0,"b:16:2:25:Infinity:undefined:undefined:undefined:undefined":1,"s:16:2:25:Infinity":1,"b:16:6:16:35:16:35:16:53:16:53:16:74":2,"s:17:23:17:Infinity":2,"s:18:17:18:Infinity":3,"b:19:4:21:Infinity:undefined:undefined:undefined:undefined":3,"s:19:4:21:Infinity":4,"b:19:8:19:27:19:27:19:59":4,"s:20:6:20:Infinity":5,"b:22:4:24:Infinity:undefined:undefined:undefined:undefined":5,"s:22:4:24:Infinity":6,"s:23:6:23:Infinity":7,"b:26:2:31:Infinity:undefined:undefined:undefined:undefined":6,"s:26:2:31:Infinity":8,"b:27:4:29:Infinity:undefined:undefined:undefined:undefined":7,"s:27:4:29:Infinity":9,"b:27:8:27:45:27:45:27:80":8,"s:28:6:28:Infinity":10,"s:30:4:30:Infinity":11,"s:32:2:32:Infinity":12}}}
,"C:\\Users\\jonat\\Documents\\code\\sezzle\\calculator-frontend\\src\\utils\\formatNumber.ts": {"path":"C:\\Users\\jonat\\Documents\\code\\sezzle\\calculator-frontend\\src\\utils\\formatNumber.ts","statementMap":{"0":{"start":{"line":1,"column":27},"end":{"line":1,"column":null}},"1":{"start":{"line":2,"column":31},"end":{"line":2,"column":null}},"2":{"start":{"line":9,"column":2},"end":{"line":9,"column":null}},"3":{"start":{"line":9,"column":31},"end":{"line":9,"column":null}},"4":{"start":{"line":10,"column":14},"end":{"line":10,"column":null}},"5":{"start":{"line":11,"column":2},"end":{"line":13,"column":null}},"6":{"start":{"line":12,"column":4},"end":{"line":12,"column":null}},"7":{"start":{"line":14,"column":20},"end":{"line":18,"column":null}},"8":{"start":{"line":19,"column":2},"end":{"line":21,"column":null}},"9":{"start":{"line":20,"column":4},"end":{"line":20,"column":null}},"10":{"start":{"line":22,"column":2},"end":{"line":24,"column":null}},"11":{"start":{"line":28,"column":2},"end":{"line":30,"column":null}},"12":{"start":{"line":29,"column":4},"end":{"line":29,"column":null}},"13":{"start":{"line":31,"column":2},"end":{"line":31,"column":null}},"14":{"start":{"line":39,"column":2},"end":{"line":42,"column":null}},"15":{"start":{"line":40,"column":4},"end":{"line":40,"column":null}},"16":{"start":{"line":40,"column":33},"end":{"line":40,"column":null}},"17":{"start":{"line":41,"column":4},"end":{"line":41,"column":null}},"18":{"start":{"line":43,"column":18},"end":{"line":43,"column":null}},"19":{"start":{"line":44,"column":2},"end":{"line":44,"column":null}},"20":{"start":{"line":44,"column":54},"end":{"line":44,"column":null}},"21":{"start":{"line":45,"column":12},"end":{"line":45,"column":null}},"22":{"start":{"line":46,"column":2},"end":{"line":46,"column":null}},"23":{"start":{"line":46,"column":23},"end":{"line":46,"column":null}},"24":{"start":{"line":47,"column":2},"end":{"line":47,"column":null}}},"fnMap":{"0":{"name":"formatResultForDisplay","decl":{"start":{"line":8,"column":16},"end":{"line":8,"column":39}},"loc":{"start":{"line":8,"column":62},"end":{"line":25,"column":null}},"line":8},"1":{"name":"trimTrailingZeros","decl":{"start":{"line":27,"column":9},"end":{"line":27,"column":27}},"loc":{"start":{"line":27,"column":46},"end":{"line":32,"column":null}},"line":27},"2":{"name":"formatNumber","decl":{"start":{"line":38,"column":16},"end":{"line":38,"column":29}},"loc":{"start":{"line":38,"column":61},"end":{"line":48,"column":null}},"line":38}},"branchMap":{"0":{"loc":{"start":{"line":9,"column":2},"end":{"line":9,"column":null}},"type":"if","locations":[{"start":{"line":9,"column":2},"end":{"line":9,"column":null}},{"start":{},"end":{}}],"line":9},"1":{"loc":{"start":{"line":11,"column":2},"end":{"line":13,"column":null}},"type":"if","locations":[{"start":{"line":11,"column":2},"end":{"line":13,"column":null}},{"start":{},"end":{}}],"line":11},"2":{"loc":{"start":{"line":12,"column":11},"end":{"line":12,"column":null}},"type":"cond-expr","locations":[{"start":{"line":12,"column":37},"end":{"line":12,"column":53}},{"start":{"line":12,"column":53},"end":{"line":12,"column":null}}],"line":12},"3":{"loc":{"start":{"line":19,"column":2},"end":{"line":21,"column":null}},"type":"if","locations":[{"start":{"line":19,"column":2},"end":{"line":21,"column":null}},{"start":{},"end":{}}],"line":19},"4":{"loc":{"start":{"line":19,"column":6},"end":{"line":19,"column":58}},"type":"binary-expr","locations":[{"start":{"line":19,"column":6},"end":{"line":19,"column":33}},{"start":{"line":19,"column":33},"end":{"line":19,"column":58}}],"line":19},"5":{"loc":{"start":{"line":22,"column":9},"end":{"line":24,"column":null}},"type":"cond-expr","locations":[{"start":{"line":23,"column":6},"end":{"line":23,"column":null}},{"start":{"line":24,"column":6},"end":{"line":24,"column":null}}],"line":22},"6":{"loc":{"start":{"line":28,"column":2},"end":{"line":30,"column":null}},"type":"if","locations":[{"start":{"line":28,"column":2},"end":{"line":30,"column":null}},{"start":{},"end":{}}],"line":28},"7":{"loc":{"start":{"line":39,"column":2},"end":{"line":42,"column":null}},"type":"if","locations":[{"start":{"line":39,"column":2},"end":{"line":42,"column":null}},{"start":{},"end":{}}],"line":39},"8":{"loc":{"start":{"line":40,"column":4},"end":{"line":40,"column":null}},"type":"if","locations":[{"start":{"line":40,"column":4},"end":{"line":40,"column":null}},{"start":{},"end":{}}],"line":40},"9":{"loc":{"start":{"line":44,"column":2},"end":{"line":44,"column":null}},"type":"if","locations":[{"start":{"line":44,"column":2},"end":{"line":44,"column":null}},{"start":{},"end":{}}],"line":44},"10":{"loc":{"start":{"line":44,"column":6},"end":{"line":44,"column":54}},"type":"binary-expr","locations":[{"start":{"line":44,"column":6},"end":{"line":44,"column":18}},{"start":{"line":44,"column":18},"end":{"line":44,"column":37}},{"start":{"line":44,"column":37},"end":{"line":44,"column":54}}],"line":44},"11":{"loc":{"start":{"line":46,"column":2},"end":{"line":46,"column":null}},"type":"if","locations":[{"start":{"line":46,"column":2},"end":{"line":46,"column":null}},{"start":{},"end":{}}],"line":46}},"s":{"0":4,"1":4,"2":27,"3":0,"4":27,"5":27,"6":23,"7":4,"8":4,"9":0,"10":4,"11":2,"12":2,"13":0,"14":23,"15":4,"16":0,"17":4,"18":19,"19":19,"20":2,"21":17,"22":17,"23":1,"24":16},"f":{"0":27,"1":2,"2":23},"b":{"0":[0,27],"1":[23,4],"2":[21,2],"3":[0,4],"4":[4,4],"5":[1,3],"6":[2,0],"7":[4,19],"8":[0,4],"9":[2,17],"10":[19,18,18],"11":[1,16]},"meta":{"lastBranch":12,"lastFunction":3,"lastStatement":25,"seen":{"s:1:27:1:Infinity":0,"s:2:31:2:Infinity":1,"f:8:16:8:39":0,"b:9:2:9:Infinity:undefined:undefined:undefined:undefined":0,"s:9:2:9:Infinity":2,"s:9:31:9:Infinity":3,"s:10:14:10:Infinity":4,"b:11:2:13:Infinity:undefined:undefined:undefined:undefined":1,"s:11:2:13:Infinity":5,"s:12:4:12:Infinity":6,"b:12:37:12:53:12:53:12:Infinity":2,"s:14:20:18:Infinity":7,"b:19:2:21:Infinity:undefined:undefined:undefined:undefined":3,"s:19:2:21:Infinity":8,"b:19:6:19:33:19:33:19:58":4,"s:20:4:20:Infinity":9,"s:22:2:24:Infinity":10,"b:23:6:23:Infinity:24:6:24:Infinity":5,"f:27:9:27:27":1,"b:28:2:30:Infinity:undefined:undefined:undefined:undefined":6,"s:28:2:30:Infinity":11,"s:29:4:29:Infinity":12,"s:31:2:31:Infinity":13,"f:38:16:38:29":2,"b:39:2:42:Infinity:undefined:undefined:undefined:undefined":7,"s:39:2:42:Infinity":14,"b:40:4:40:Infinity:undefined:undefined:undefined:undefined":8,"s:40:4:40:Infinity":15,"s:40:33:40:Infinity":16,"s:41:4:41:Infinity":17,"s:43:18:43:Infinity":18,"b:44:2:44:Infinity:undefined:undefined:undefined:undefined":9,"s:44:2:44:Infinity":19,"b:44:6:44:18:44:18:44:37:44:37:44:54":10,"s:44:54:44:Infinity":20,"s:45:12:45:Infinity":21,"b:46:2:46:Infinity:undefined:undefined:undefined:undefined":11,"s:46:2:46:Infinity":22,"s:46:23:46:Infinity":23,"s:47:2:47:Infinity":24}}}
,"C:\\Users\\jonat\\Documents\\code\\sezzle\\calculator-frontend\\src\\utils\\validation.ts": {"path":"C:\\Users\\jonat\\Documents\\code\\sezzle\\calculator-frontend\\src\\utils\\validation.ts","statementMap":{"0":{"start":{"line":2,"column":2},"end":{"line":2,"column":null}},"1":{"start":{"line":6,"column":2},"end":{"line":6,"column":null}},"2":{"start":{"line":10,"column":2},"end":{"line":10,"column":null}}},"fnMap":{"0":{"name":"isDivisionByZero","decl":{"start":{"line":1,"column":16},"end":{"line":1,"column":33}},"loc":{"start":{"line":1,"column":60},"end":{"line":3,"column":null}},"line":1},"1":{"name":"isNegativeForSqrt","decl":{"start":{"line":5,"column":16},"end":{"line":5,"column":34}},"loc":{"start":{"line":5,"column":60},"end":{"line":7,"column":null}},"line":5},"2":{"name":"isPercentageOutOfRange","decl":{"start":{"line":9,"column":16},"end":{"line":9,"column":39}},"loc":{"start":{"line":9,"column":68},"end":{"line":11,"column":null}},"line":9}},"branchMap":{"0":{"loc":{"start":{"line":10,"column":9},"end":{"line":10,"column":null}},"type":"binary-expr","locations":[{"start":{"line":10,"column":9},"end":{"line":10,"column":27}},{"start":{"line":10,"column":27},"end":{"line":10,"column":null}}],"line":10}},"s":{"0":3,"1":4,"2":5},"f":{"0":3,"1":4,"2":5},"b":{"0":[5,4]},"meta":{"lastBranch":1,"lastFunction":3,"lastStatement":3,"seen":{"f:1:16:1:33":0,"s:2:2:2:Infinity":0,"f:5:16:5:34":1,"s:6:2:6:Infinity":1,"f:9:16:9:39":2,"s:10:2:10:Infinity":2,"b:10:9:10:27:10:27:10:Infinity":0}}}
}
